15:07:58 - === INÍCIO STATS FUNCIONÁRIOS ===
14:07:58 - User ID - {"user_id":6}
14:07:58 - Calculando total
14:07:58 - Total - {"total":1}
14:07:58 - Calculando ativos
14:07:58 - Ativos - {"ativos":1}
14:07:58 - Calculando inativos
14:07:58 - Inativos - {"inativos":0}
14:07:58 - Calculando departamentos
14:07:58 - Departamentos - {"departamentos":1}
14:07:58 - Stats calculadas - {"success":true,"total":1,"ativos":1,"inativos":0,"departamentos":1}
14:07:58 - === FIM STATS FUNCIONÁRIOS (SUCESSO) ===
15:08:40 - === INÍCIO STATS FUNCIONÁRIOS ===
14:08:41 - User ID - {"user_id":6}
14:08:41 - Calculando total
14:08:41 - Total - {"total":1}
14:08:41 - Calculando ativos
14:08:41 - Ativos - {"ativos":1}
14:08:41 - Calculando inativos
14:08:41 - Inativos - {"inativos":0}
14:08:41 - Calculando departamentos
14:08:41 - Departamentos - {"departamentos":1}
14:08:41 - Stats calculadas - {"success":true,"total":1,"ativos":1,"inativos":0,"departamentos":1}
14:08:41 - === FIM STATS FUNCIONÁRIOS (SUCESSO) ===
07:26:55 - === INÍCIO STATS FUNCIONÁRIOS ===
06:26:55 - User ID - {"user_id":6}
06:26:55 - Calculando total
06:26:55 - Total - {"total":1}
06:26:55 - Calculando ativos
06:26:55 - Ativos - {"ativos":1}
06:26:55 - Calculando inativos
06:26:55 - Inativos - {"inativos":0}
06:26:55 - Calculando departamentos
06:26:55 - Departamentos - {"departamentos":1}
06:26:55 - Stats calculadas - {"success":true,"total":1,"ativos":1,"inativos":0,"departamentos":1}
06:26:55 - === FIM STATS FUNCIONÁRIOS (SUCESSO) ===
08:02:05 - === INÍCIO STATS FUNCIONÁRIOS ===
07:02:06 - User ID - {"user_id":6}
07:02:06 - Calculando total
07:02:06 - Total - {"total":1}
07:02:06 - Calculando ativos
07:02:06 - Ativos - {"ativos":1}
07:02:06 - Calculando inativos
07:02:06 - Inativos - {"inativos":0}
07:02:06 - Calculando departamentos
07:02:06 - Departamentos - {"departamentos":1}
07:02:06 - Stats calculadas - {"success":true,"total":1,"ativos":1,"inativos":0,"departamentos":1}
07:02:06 - === FIM STATS FUNCIONÁRIOS (SUCESSO) ===
22:51:11 - === INÍCIO STATS FUNCIONÁRIOS ===
21:51:11 - User ID - {"user_id":2}
21:51:11 - Calculando total
21:51:11 - Total - {"total":0}
21:51:11 - Calculando ativos
21:51:11 - Ativos - {"ativos":0}
21:51:11 - Calculando inativos
21:51:11 - Inativos - {"inativos":0}
21:51:11 - Calculando departamentos
21:51:11 - Departamentos - {"departamentos":0}
21:51:12 - Stats calculadas - {"success":true,"total":0,"ativos":0,"inativos":0,"departamentos":0}
21:51:12 - === FIM STATS FUNCIONÁRIOS (SUCESSO) ===
