18:00:54 - === INÍCIO LISTAR PRODUTOS ===
17:00:54 - User ID - {"user_id":6}
17:00:54 - Buscando produtos da empresa
17:00:54 - Produtos encontrados - {"count":2}
17:00:54 - === FIM LISTAR PRODUTOS (SUCESSO) ===
18:00:56 - === INÍCIO LISTAR PRODUTOS ===
17:00:56 - User ID - {"user_id":6}
17:00:56 - Buscando produtos da empresa
17:00:56 - Produtos encontrados - {"count":2}
17:00:56 - === FIM LISTAR PRODUTOS (SUCESSO) ===
18:07:20 - === INÍCIO LISTAR PRODUTOS ===
17:07:20 - User ID - {"user_id":6}
17:07:20 - Buscando produtos da empresa
17:07:20 - Produtos encontrados - {"count":2}
17:07:20 - === FIM LISTAR PRODUTOS (SUCESSO) ===
18:42:11 - === INÍCIO LISTAR PRODUTOS ===
17:42:11 - User ID - {"user_id":6}
17:42:11 - Buscando produtos da empresa
17:42:11 - Produtos encontrados - {"count":2}
17:42:11 - === FIM LISTAR PRODUTOS (SUCESSO) ===
18:42:25 - === INÍCIO LISTAR PRODUTOS ===
17:42:25 - User ID - {"user_id":6}
17:42:25 - Buscando produtos da empresa
17:42:25 - Produtos encontrados - {"count":2}
17:42:25 - === FIM LISTAR PRODUTOS (SUCESSO) ===
18:44:23 - === INÍCIO LISTAR PRODUTOS ===
17:44:23 - User ID - {"user_id":6}
17:44:23 - Buscando produtos da empresa
17:44:23 - Produtos encontrados - {"count":2}
17:44:23 - === FIM LISTAR PRODUTOS (SUCESSO) ===
18:44:30 - === INÍCIO LISTAR PRODUTOS ===
17:44:31 - User ID - {"user_id":6}
17:44:31 - Buscando produtos da empresa
17:44:31 - Produtos encontrados - {"count":2}
17:44:31 - === FIM LISTAR PRODUTOS (SUCESSO) ===
18:44:56 - === INÍCIO LISTAR PRODUTOS ===
17:44:57 - User ID - {"user_id":6}
17:44:57 - Buscando produtos da empresa
17:44:57 - Produtos encontrados - {"count":2}
17:44:57 - === FIM LISTAR PRODUTOS (SUCESSO) ===
18:53:08 - === INÍCIO LISTAR PRODUTOS ===
17:53:08 - User ID - {"user_id":6}
17:53:08 - Buscando produtos da empresa
17:53:08 - Produtos encontrados - {"count":1}
17:53:08 - === FIM LISTAR PRODUTOS (SUCESSO) ===
18:59:09 - === INÍCIO LISTAR PRODUTOS ===
17:59:09 - User ID - {"user_id":6}
17:59:09 - Buscando produtos da empresa
17:59:09 - Produtos encontrados - {"count":1}
17:59:09 - === FIM LISTAR PRODUTOS (SUCESSO) ===
