18:00:54 - === INÍCIO STATS ===
17:00:54 - User ID - {"user_id":6}
17:00:54 - Calculando vendas mês atual
17:00:54 - Total vendas - {"total":1}
17:00:54 - Calculando vendas mês anterior
17:00:54 - Trend vendas - {"trend":0}
17:00:54 - Calculando receita total
17:00:54 - Receita total - {"receita":"500.00"}
17:00:54 - Trend receita - {"trend":-83.3}
17:00:54 - Calculando pendentes
17:00:54 - Pendentes - {"count":0,"valor":null}
17:00:54 - Taxa conversão - {"taxa":100}
17:00:54 - Stats calculadas
17:00:54 - === FIM STATS (SUCESSO) ===
18:00:56 - === INÍCIO STATS ===
17:00:56 - User ID - {"user_id":6}
17:00:56 - Calculando vendas mês atual
17:00:56 - Total vendas - {"total":1}
17:00:56 - Calculando vendas mês anterior
17:00:56 - Trend vendas - {"trend":0}
17:00:56 - Calculando receita total
17:00:56 - Receita total - {"receita":"500.00"}
17:00:56 - Trend receita - {"trend":-83.3}
17:00:56 - Calculando pendentes
17:00:56 - Pendentes - {"count":0,"valor":null}
17:00:56 - Taxa conversão - {"taxa":100}
17:00:56 - Stats calculadas
17:00:56 - === FIM STATS (SUCESSO) ===
18:07:20 - === INÍCIO STATS ===
17:07:20 - User ID - {"user_id":6}
17:07:20 - Calculando vendas mês atual
17:07:20 - Total vendas - {"total":1}
17:07:20 - Calculando vendas mês anterior
17:07:20 - Trend vendas - {"trend":0}
17:07:20 - Calculando receita total
17:07:20 - Receita total - {"receita":"500.00"}
17:07:20 - Trend receita - {"trend":-83.3}
17:07:20 - Calculando pendentes
17:07:20 - Pendentes - {"count":0,"valor":null}
17:07:20 - Taxa conversão - {"taxa":100}
17:07:20 - Stats calculadas
17:07:20 - === FIM STATS (SUCESSO) ===
18:42:11 - === INÍCIO STATS ===
17:42:11 - User ID - {"user_id":6}
17:42:11 - Calculando vendas mês atual
17:42:11 - Total vendas - {"total":1}
17:42:11 - Calculando vendas mês anterior
17:42:11 - Trend vendas - {"trend":0}
17:42:11 - Calculando receita total
17:42:11 - Receita total - {"receita":"500.00"}
17:42:11 - Trend receita - {"trend":-83.3}
17:42:11 - Calculando pendentes
17:42:11 - Pendentes - {"count":0,"valor":null}
17:42:11 - Taxa conversão - {"taxa":100}
17:42:11 - Stats calculadas
17:42:11 - === FIM STATS (SUCESSO) ===
18:42:25 - === INÍCIO STATS ===
17:42:25 - User ID - {"user_id":6}
17:42:25 - Calculando vendas mês atual
17:42:25 - Total vendas - {"total":1}
17:42:25 - Calculando vendas mês anterior
17:42:25 - Trend vendas - {"trend":0}
17:42:25 - Calculando receita total
17:42:25 - Receita total - {"receita":"500.00"}
17:42:25 - Trend receita - {"trend":-83.3}
17:42:25 - Calculando pendentes
17:42:25 - Pendentes - {"count":0,"valor":null}
17:42:25 - Taxa conversão - {"taxa":100}
17:42:25 - Stats calculadas
17:42:25 - === FIM STATS (SUCESSO) ===
18:44:23 - === INÍCIO STATS ===
17:44:23 - User ID - {"user_id":6}
17:44:23 - Calculando vendas mês atual
17:44:23 - Total vendas - {"total":1}
17:44:23 - Calculando vendas mês anterior
17:44:23 - Trend vendas - {"trend":0}
17:44:23 - Calculando receita total
17:44:23 - Receita total - {"receita":"500.00"}
17:44:23 - Trend receita - {"trend":-83.3}
17:44:23 - Calculando pendentes
17:44:23 - Pendentes - {"count":0,"valor":null}
17:44:23 - Taxa conversão - {"taxa":100}
17:44:23 - Stats calculadas
17:44:23 - === FIM STATS (SUCESSO) ===
18:44:30 - === INÍCIO STATS ===
17:44:31 - User ID - {"user_id":6}
17:44:31 - Calculando vendas mês atual
17:44:31 - Total vendas - {"total":1}
17:44:31 - Calculando vendas mês anterior
17:44:31 - Trend vendas - {"trend":0}
17:44:31 - Calculando receita total
17:44:31 - Receita total - {"receita":"500.00"}
17:44:31 - Trend receita - {"trend":-83.3}
17:44:31 - Calculando pendentes
17:44:31 - Pendentes - {"count":0,"valor":null}
17:44:31 - Taxa conversão - {"taxa":100}
17:44:31 - Stats calculadas
17:44:31 - === FIM STATS (SUCESSO) ===
18:44:56 - === INÍCIO STATS ===
17:44:57 - User ID - {"user_id":6}
17:44:57 - Calculando vendas mês atual
17:44:57 - Total vendas - {"total":1}
17:44:57 - Calculando vendas mês anterior
17:44:57 - Trend vendas - {"trend":0}
17:44:57 - Calculando receita total
17:44:57 - Receita total - {"receita":"500.00"}
17:44:57 - Trend receita - {"trend":-83.3}
17:44:57 - Calculando pendentes
17:44:57 - Pendentes - {"count":0,"valor":null}
17:44:57 - Taxa conversão - {"taxa":100}
17:44:57 - Stats calculadas
17:44:57 - === FIM STATS (SUCESSO) ===
18:53:08 - === INÍCIO STATS ===
17:53:08 - User ID - {"user_id":6}
17:53:08 - Calculando vendas mês atual
17:53:08 - Total vendas - {"total":1}
17:53:08 - Calculando vendas mês anterior
17:53:08 - Trend vendas - {"trend":0}
17:53:08 - Calculando receita total
17:53:08 - Receita total - {"receita":"500.00"}
17:53:08 - Trend receita - {"trend":-83.3}
17:53:08 - Calculando pendentes
17:53:08 - Pendentes - {"count":0,"valor":null}
17:53:08 - Taxa conversão - {"taxa":100}
17:53:08 - Stats calculadas
17:53:08 - === FIM STATS (SUCESSO) ===
18:59:09 - === INÍCIO STATS ===
17:59:09 - User ID - {"user_id":6}
17:59:09 - Calculando vendas mês atual
17:59:09 - Total vendas - {"total":1}
17:59:09 - Calculando vendas mês anterior
17:59:09 - Trend vendas - {"trend":0}
17:59:09 - Calculando receita total
17:59:09 - Receita total - {"receita":"500.00"}
17:59:09 - Trend receita - {"trend":-83.3}
17:59:09 - Calculando pendentes
17:59:09 - Pendentes - {"count":0,"valor":null}
17:59:09 - Taxa conversão - {"taxa":100}
17:59:09 - Stats calculadas
17:59:09 - === FIM STATS (SUCESSO) ===
06:16:16 - === INÍCIO STATS ===
05:16:16 - User ID - {"user_id":5}
05:16:16 - Calculando vendas mês atual
05:16:16 - Total vendas - {"total":0}
05:16:16 - Calculando vendas mês anterior
05:16:16 - Trend vendas - {"trend":0}
05:16:16 - Calculando receita total
05:16:16 - Receita total - {"receita":0}
05:16:16 - Trend receita - {"trend":0}
05:16:16 - Calculando pendentes
05:16:16 - Pendentes - {"count":0,"valor":null}
05:16:16 - Taxa conversão - {"taxa":0}
05:16:16 - Stats calculadas
05:16:16 - === FIM STATS (SUCESSO) ===
14:36:25 - === INÍCIO STATS ===
14:36:25 - ERRO: Não autenticado
14:40:26 - === INÍCIO STATS ===
14:40:26 - ERRO: Não autenticado
15:02:36 - === INÍCIO STATS ===
15:02:36 - ERRO: Não autenticado
15:06:52 - === INÍCIO STATS ===
15:06:52 - Funcionário acessando - {"empresa_id":6}
14:06:52 - User ID validado - {"user_id":6,"type":"funcionario"}
14:06:52 - Calculando vendas mês atual
14:06:52 - Total vendas - {"total":1}
14:06:52 - Calculando vendas mês anterior
14:06:52 - Trend vendas - {"trend":0}
14:06:52 - Calculando receita total
14:06:52 - Receita total - {"receita":"500.00"}
14:06:52 - Trend receita - {"trend":-83.3}
14:06:52 - Calculando pendentes
14:06:52 - Pendentes - {"count":0,"valor":null}
14:06:52 - Taxa conversão - {"taxa":100}
14:06:52 - Stats calculadas
14:06:52 - === FIM STATS (SUCESSO) ===
15:07:28 - === INÍCIO STATS ===
15:07:28 - Funcionário acessando - {"empresa_id":6}
14:07:28 - User ID validado - {"user_id":6,"type":"funcionario"}
14:07:28 - Calculando vendas mês atual
14:07:28 - Total vendas - {"total":1}
14:07:28 - Calculando vendas mês anterior
14:07:28 - Trend vendas - {"trend":0}
14:07:28 - Calculando receita total
14:07:28 - Receita total - {"receita":"500.00"}
14:07:28 - Trend receita - {"trend":-83.3}
14:07:28 - Calculando pendentes
14:07:28 - Pendentes - {"count":0,"valor":null}
14:07:28 - Taxa conversão - {"taxa":100}
14:07:28 - Stats calculadas
14:07:28 - === FIM STATS (SUCESSO) ===
15:07:55 - === INÍCIO STATS ===
15:07:55 - Gestor acessando - {"user_id":6}
14:07:55 - User ID validado - {"user_id":6,"type":"gestor"}
14:07:55 - Calculando vendas mês atual
14:07:55 - Total vendas - {"total":1}
14:07:55 - Calculando vendas mês anterior
14:07:55 - Trend vendas - {"trend":0}
14:07:55 - Calculando receita total
14:07:55 - Receita total - {"receita":"500.00"}
14:07:55 - Trend receita - {"trend":-83.3}
14:07:55 - Calculando pendentes
14:07:55 - Pendentes - {"count":0,"valor":null}
14:07:55 - Taxa conversão - {"taxa":100}
14:07:55 - Stats calculadas
14:07:55 - === FIM STATS (SUCESSO) ===
20:37:39 - === INÍCIO STATS ===
20:37:39 - Funcionário acessando - {"empresa_id":6}
19:37:39 - User ID validado - {"user_id":6,"type":"funcionario"}
19:37:39 - Calculando vendas mês atual
19:37:39 - Total vendas - {"total":1}
19:37:39 - Calculando vendas mês anterior
19:37:39 - Trend vendas - {"trend":0}
19:37:39 - Calculando receita total
19:37:39 - Receita total - {"receita":"500.00"}
19:37:39 - Trend receita - {"trend":-83.3}
19:37:39 - Calculando pendentes
19:37:39 - Pendentes - {"count":0,"valor":null}
19:37:39 - Taxa conversão - {"taxa":100}
19:37:39 - Stats calculadas
19:37:39 - === FIM STATS (SUCESSO) ===
20:37:47 - === INÍCIO STATS ===
20:37:47 - Funcionário acessando - {"empresa_id":6}
19:37:47 - User ID validado - {"user_id":6,"type":"funcionario"}
19:37:47 - Calculando vendas mês atual
19:37:47 - Total vendas - {"total":1}
19:37:47 - Calculando vendas mês anterior
19:37:47 - Trend vendas - {"trend":0}
19:37:47 - Calculando receita total
19:37:47 - Receita total - {"receita":"500.00"}
19:37:47 - Trend receita - {"trend":-83.3}
19:37:47 - Calculando pendentes
19:37:47 - Pendentes - {"count":0,"valor":null}
19:37:47 - Taxa conversão - {"taxa":100}
19:37:47 - Stats calculadas
19:37:47 - === FIM STATS (SUCESSO) ===
20:39:01 - === INÍCIO STATS ===
20:39:01 - Funcionário acessando - {"empresa_id":6}
19:39:01 - User ID validado - {"user_id":6,"type":"funcionario"}
19:39:01 - Calculando vendas mês atual
19:39:01 - Total vendas - {"total":1}
19:39:01 - Calculando vendas mês anterior
19:39:01 - Trend vendas - {"trend":0}
19:39:01 - Calculando receita total
19:39:01 - Receita total - {"receita":"500.00"}
19:39:01 - Trend receita - {"trend":-83.3}
19:39:01 - Calculando pendentes
19:39:01 - Pendentes - {"count":0,"valor":null}
19:39:01 - Taxa conversão - {"taxa":100}
19:39:01 - Stats calculadas
19:39:01 - === FIM STATS (SUCESSO) ===
20:39:20 - === INÍCIO STATS ===
20:39:20 - Funcionário acessando - {"empresa_id":6}
19:39:20 - User ID validado - {"user_id":6,"type":"funcionario"}
19:39:20 - Calculando vendas mês atual
19:39:20 - Total vendas - {"total":1}
19:39:20 - Calculando vendas mês anterior
19:39:20 - Trend vendas - {"trend":0}
19:39:20 - Calculando receita total
19:39:20 - Receita total - {"receita":"500.00"}
19:39:20 - Trend receita - {"trend":-83.3}
19:39:20 - Calculando pendentes
19:39:20 - Pendentes - {"count":0,"valor":null}
19:39:20 - Taxa conversão - {"taxa":100}
19:39:20 - Stats calculadas
19:39:20 - === FIM STATS (SUCESSO) ===
20:53:01 - === INÍCIO STATS ===
20:53:01 - Funcionário acessando - {"empresa_id":6}
19:53:01 - User ID validado - {"user_id":6,"type":"funcionario"}
19:53:01 - Calculando vendas mês atual
19:53:01 - Total vendas - {"total":1}
19:53:01 - Calculando vendas mês anterior
19:53:01 - Trend vendas - {"trend":0}
19:53:01 - Calculando receita total
19:53:01 - Receita total - {"receita":"500.00"}
19:53:01 - Trend receita - {"trend":-83.3}
19:53:01 - Calculando pendentes
19:53:01 - Pendentes - {"count":0,"valor":null}
19:53:01 - Taxa conversão - {"taxa":100}
19:53:01 - Stats calculadas
19:53:01 - === FIM STATS (SUCESSO) ===
20:58:40 - === INÍCIO STATS ===
20:58:40 - Funcionário acessando - {"empresa_id":6}
19:58:40 - User ID validado - {"user_id":6,"type":"funcionario"}
19:58:40 - Calculando vendas mês atual
19:58:40 - Total vendas - {"total":1}
19:58:40 - Calculando vendas mês anterior
19:58:40 - Trend vendas - {"trend":0}
19:58:40 - Calculando receita total
19:58:40 - Receita total - {"receita":"500.00"}
19:58:40 - Trend receita - {"trend":-83.3}
19:58:40 - Calculando pendentes
19:58:40 - Pendentes - {"count":0,"valor":null}
19:58:40 - Taxa conversão - {"taxa":100}
19:58:40 - Stats calculadas
19:58:40 - === FIM STATS (SUCESSO) ===
01:16:01 - === INÍCIO STATS ===
01:16:01 - Funcionário acessando - {"empresa_id":6}
00:16:01 - User ID validado - {"user_id":6,"type":"funcionario"}
00:16:01 - Calculando vendas mês atual
00:16:01 - Total vendas - {"total":1}
00:16:01 - Calculando vendas mês anterior
00:16:01 - Trend vendas - {"trend":0}
00:16:01 - Calculando receita total
00:16:01 - Receita total - {"receita":"500.00"}
00:16:01 - Trend receita - {"trend":-83.3}
00:16:01 - Calculando pendentes
00:16:01 - Pendentes - {"count":0,"valor":null}
00:16:01 - Taxa conversão - {"taxa":100}
00:16:01 - Stats calculadas
00:16:01 - === FIM STATS (SUCESSO) ===
01:16:32 - === INÍCIO STATS ===
01:16:32 - Funcionário acessando - {"empresa_id":6}
00:16:32 - User ID validado - {"user_id":6,"type":"funcionario"}
00:16:32 - Calculando vendas mês atual
00:16:32 - Total vendas - {"total":1}
00:16:32 - Calculando vendas mês anterior
00:16:32 - Trend vendas - {"trend":0}
00:16:32 - Calculando receita total
00:16:32 - Receita total - {"receita":"500.00"}
00:16:32 - Trend receita - {"trend":-83.3}
00:16:32 - Calculando pendentes
00:16:32 - Pendentes - {"count":0,"valor":null}
00:16:32 - Taxa conversão - {"taxa":100}
00:16:32 - Stats calculadas
00:16:32 - === FIM STATS (SUCESSO) ===
01:21:00 - === INÍCIO STATS ===
01:21:00 - Funcionário acessando - {"empresa_id":6}
00:21:00 - User ID validado - {"user_id":6,"type":"funcionario"}
00:21:00 - Calculando vendas mês atual
00:21:00 - Total vendas - {"total":1}
00:21:00 - Calculando vendas mês anterior
00:21:00 - Trend vendas - {"trend":0}
00:21:00 - Calculando receita total
00:21:00 - Receita total - {"receita":"500.00"}
00:21:00 - Trend receita - {"trend":-83.3}
00:21:00 - Calculando pendentes
00:21:00 - Pendentes - {"count":0,"valor":null}
00:21:00 - Taxa conversão - {"taxa":100}
00:21:00 - Stats calculadas
00:21:00 - === FIM STATS (SUCESSO) ===
01:37:39 - === INÍCIO STATS ===
01:37:40 - Funcionário acessando - {"empresa_id":6}
00:37:40 - User ID validado - {"user_id":6,"type":"funcionario"}
00:37:40 - Calculando vendas mês atual
00:37:40 - Total vendas - {"total":1}
00:37:40 - Calculando vendas mês anterior
00:37:40 - Trend vendas - {"trend":0}
00:37:40 - Calculando receita total
00:37:40 - Receita total - {"receita":"500.00"}
00:37:40 - Trend receita - {"trend":-83.3}
00:37:40 - Calculando pendentes
00:37:40 - Pendentes - {"count":0,"valor":null}
00:37:40 - Taxa conversão - {"taxa":100}
00:37:40 - Stats calculadas
00:37:40 - === FIM STATS (SUCESSO) ===
02:19:50 - === INÍCIO STATS ===
02:19:50 - Funcionário acessando - {"empresa_id":6}
01:19:50 - User ID validado - {"user_id":6,"type":"funcionario"}
01:19:50 - Calculando vendas mês atual
01:19:50 - Total vendas - {"total":1}
01:19:50 - Calculando vendas mês anterior
01:19:50 - Trend vendas - {"trend":0}
01:19:50 - Calculando receita total
01:19:50 - Receita total - {"receita":"500.00"}
01:19:50 - Trend receita - {"trend":-83.3}
01:19:50 - Calculando pendentes
01:19:50 - Pendentes - {"count":0,"valor":null}
01:19:50 - Taxa conversão - {"taxa":100}
01:19:50 - Stats calculadas
01:19:50 - === FIM STATS (SUCESSO) ===
02:57:22 - === INÍCIO STATS ===
02:57:22 - Funcionário acessando - {"empresa_id":6}
01:57:22 - User ID validado - {"user_id":6,"type":"funcionario"}
01:57:22 - Calculando vendas mês atual
01:57:22 - Total vendas - {"total":1}
01:57:22 - Calculando vendas mês anterior
01:57:22 - Trend vendas - {"trend":0}
01:57:22 - Calculando receita total
01:57:22 - Receita total - {"receita":"500.00"}
01:57:22 - Trend receita - {"trend":-83.3}
01:57:22 - Calculando pendentes
01:57:22 - Pendentes - {"count":0,"valor":null}
01:57:22 - Taxa conversão - {"taxa":100}
01:57:22 - Stats calculadas
01:57:22 - === FIM STATS (SUCESSO) ===
07:37:05 - === INÍCIO STATS ===
07:37:05 - Funcionário acessando - {"empresa_id":6}
06:37:05 - User ID validado - {"user_id":6,"type":"funcionario"}
06:37:05 - Calculando vendas mês atual
06:37:05 - Total vendas - {"total":1}
06:37:05 - Calculando vendas mês anterior
06:37:05 - Trend vendas - {"trend":0}
06:37:05 - Calculando receita total
06:37:05 - Receita total - {"receita":"500.00"}
06:37:05 - Trend receita - {"trend":-83.3}
06:37:05 - Calculando pendentes
06:37:05 - Pendentes - {"count":0,"valor":null}
06:37:05 - Taxa conversão - {"taxa":100}
06:37:05 - Stats calculadas
06:37:05 - === FIM STATS (SUCESSO) ===
07:54:25 - === INÍCIO STATS ===
07:54:25 - Funcionário acessando - {"empresa_id":6}
06:54:25 - User ID validado - {"user_id":6,"type":"funcionario"}
06:54:25 - Calculando vendas mês atual
06:54:25 - Total vendas - {"total":1}
06:54:25 - Calculando vendas mês anterior
06:54:25 - Trend vendas - {"trend":0}
06:54:25 - Calculando receita total
06:54:25 - Receita total - {"receita":"500.00"}
06:54:25 - Trend receita - {"trend":-83.3}
06:54:25 - Calculando pendentes
06:54:25 - Pendentes - {"count":0,"valor":null}
06:54:25 - Taxa conversão - {"taxa":100}
06:54:25 - Stats calculadas
06:54:25 - === FIM STATS (SUCESSO) ===
08:01:42 - === INÍCIO STATS ===
08:01:42 - Gestor acessando - {"user_id":6}
07:01:42 - User ID validado - {"user_id":6,"type":"gestor"}
07:01:42 - Calculando vendas mês atual
07:01:42 - Total vendas - {"total":1}
07:01:42 - Calculando vendas mês anterior
07:01:42 - Trend vendas - {"trend":0}
07:01:42 - Calculando receita total
07:01:42 - Receita total - {"receita":"500.00"}
07:01:42 - Trend receita - {"trend":-83.3}
07:01:42 - Calculando pendentes
07:01:42 - Pendentes - {"count":0,"valor":null}
07:01:42 - Taxa conversão - {"taxa":100}
07:01:42 - Stats calculadas
07:01:42 - === FIM STATS (SUCESSO) ===
18:08:44 - === INÍCIO STATS ===
18:08:44 - Gestor acessando - {"user_id":2}
17:08:44 - User ID validado - {"user_id":2,"type":"gestor"}
17:08:44 - Calculando vendas mês atual
17:08:44 - ERRO - {"message":"Table 'vsg.product_purchases' doesn't exist","line":71}
17:08:44 - === FIM STATS (ERRO) ===
13:05:15 - === INÍCIO STATS ===
13:05:15 - Gestor acessando - {"user_id":30}
12:05:15 - User ID validado - {"user_id":30,"type":"gestor"}
12:05:15 - Calculando vendas mês atual
12:05:15 - ERRO - {"message":"Table 'vsg.product_purchases' doesn't exist","line":71}
12:05:15 - === FIM STATS (ERRO) ===
13:24:16 - === INÍCIO STATS ===
13:24:16 - Gestor acessando - {"user_id":30}
12:24:16 - User ID validado - {"user_id":30,"type":"gestor"}
12:24:16 - Calculando vendas mês atual
12:24:16 - ERRO - {"message":"Table 'vsg.product_purchases' doesn't exist","line":71}
12:24:16 - === FIM STATS (ERRO) ===
13:26:19 - === INÍCIO STATS ===
13:26:19 - Gestor acessando - {"user_id":30}
12:26:19 - User ID validado - {"user_id":30,"type":"gestor"}
12:26:19 - Calculando vendas mês atual
12:26:19 - ERRO - {"message":"Table 'vsg.product_purchases' doesn't exist","line":71}
12:26:19 - === FIM STATS (ERRO) ===
19:15:27 - === INÍCIO STATS ===
19:15:27 - Gestor acessando - {"user_id":30}
18:15:27 - User ID validado - {"user_id":30,"type":"gestor"}
18:15:27 - Calculando vendas mês atual
18:15:27 - ERRO - {"message":"Table 'vsg.product_purchases' doesn't exist","line":71}
18:15:27 - === FIM STATS (ERRO) ===
19:15:30 - === INÍCIO STATS ===
19:15:30 - Gestor acessando - {"user_id":30}
18:15:30 - User ID validado - {"user_id":30,"type":"gestor"}
18:15:30 - Calculando vendas mês atual
18:15:30 - ERRO - {"message":"Table 'vsg.product_purchases' doesn't exist","line":71}
18:15:30 - === FIM STATS (ERRO) ===
19:15:44 - === INÍCIO STATS ===
19:15:44 - Gestor acessando - {"user_id":30}
18:15:44 - User ID validado - {"user_id":30,"type":"gestor"}
18:15:44 - Calculando vendas mês atual
18:15:44 - ERRO - {"message":"Table 'vsg.product_purchases' doesn't exist","line":71}
18:15:44 - === FIM STATS (ERRO) ===
19:15:44 - === INÍCIO STATS ===
19:15:44 - Gestor acessando - {"user_id":30}
18:15:44 - User ID validado - {"user_id":30,"type":"gestor"}
18:15:44 - Calculando vendas mês atual
18:15:44 - ERRO - {"message":"Table 'vsg.product_purchases' doesn't exist","line":71}
18:15:44 - === FIM STATS (ERRO) ===
19:16:55 - === INÍCIO STATS ===
19:16:55 - Gestor acessando - {"user_id":30}
18:16:55 - User ID validado - {"user_id":30,"type":"gestor"}
18:16:55 - Calculando vendas mês atual
18:16:55 - ERRO - {"message":"Table 'vsg.product_purchases' doesn't exist","line":71}
18:16:55 - === FIM STATS (ERRO) ===
22:27:11 - === INÍCIO STATS ===
22:27:11 - Gestor acessando - {"user_id":30}
21:27:11 - User ID validado - {"user_id":30,"type":"gestor"}
21:27:11 - Calculando vendas mês atual
21:27:11 - ERRO - {"message":"Table 'vsg.product_purchases' doesn't exist","line":71}
21:27:11 - === FIM STATS (ERRO) ===
04:27:07 - === INÍCIO STATS ===
04:27:07 - Gestor acessando - {"user_id":30}
03:27:07 - User ID validado - {"user_id":30,"type":"gestor"}
03:27:07 - Calculando vendas mês atual
03:27:07 - Total vendas - {"total":0}
03:27:07 - Calculando vendas mês anterior
03:27:07 - Trend vendas - {"trend":0}
03:27:07 - Calculando receita total
03:27:07 - Receita total - {"receita":"0.00"}
03:27:07 - Trend receita - {"trend":0}
03:27:07 - Calculando pendentes
03:27:07 - Pendentes - {"count":0,"valor":"0.00"}
03:27:07 - Taxa conversão - {"taxa":0}
03:27:07 - Stats calculadas
03:27:07 - === FIM STATS (SUCESSO) ===
04:29:17 - === INÍCIO STATS ===
04:29:17 - Gestor acessando - {"user_id":30}
03:29:17 - User ID validado - {"user_id":30,"type":"gestor"}
03:29:17 - Calculando vendas mês atual
03:29:17 - Total vendas - {"total":0}
03:29:17 - Calculando vendas mês anterior
03:29:17 - Trend vendas - {"trend":0}
03:29:17 - Calculando receita total
03:29:17 - Receita total - {"receita":"0.00"}
03:29:17 - Trend receita - {"trend":0}
03:29:17 - Calculando pendentes
03:29:17 - Pendentes - {"count":0,"valor":"0.00"}
03:29:17 - Taxa conversão - {"taxa":0}
03:29:17 - Stats calculadas
03:29:17 - === FIM STATS (SUCESSO) ===
04:34:58 - === INÍCIO STATS ===
04:34:58 - Gestor acessando - {"user_id":30}
03:34:58 - User ID validado - {"user_id":30,"type":"gestor"}
03:34:58 - Calculando vendas mês atual
03:34:58 - Total vendas - {"total":0}
03:34:58 - Calculando vendas mês anterior
03:34:58 - Trend vendas - {"trend":0}
03:34:58 - Calculando receita total
03:34:58 - Receita total - {"receita":"0.00"}
03:34:58 - Trend receita - {"trend":0}
03:34:58 - Calculando pendentes
03:34:58 - Pendentes - {"count":0,"valor":"0.00"}
03:34:58 - Taxa conversão - {"taxa":0}
03:34:58 - Stats calculadas
03:34:58 - === FIM STATS (SUCESSO) ===
04:35:07 - === INÍCIO STATS ===
04:35:07 - Gestor acessando - {"user_id":30}
03:35:07 - User ID validado - {"user_id":30,"type":"gestor"}
03:35:07 - Calculando vendas mês atual
03:35:07 - Total vendas - {"total":0}
03:35:07 - Calculando vendas mês anterior
03:35:07 - Trend vendas - {"trend":0}
03:35:07 - Calculando receita total
03:35:07 - Receita total - {"receita":"0.00"}
03:35:07 - Trend receita - {"trend":0}
03:35:07 - Calculando pendentes
03:35:07 - Pendentes - {"count":0,"valor":"0.00"}
03:35:07 - Taxa conversão - {"taxa":0}
03:35:07 - Stats calculadas
03:35:07 - === FIM STATS (SUCESSO) ===
04:35:14 - === INÍCIO STATS ===
04:35:14 - Gestor acessando - {"user_id":30}
03:35:14 - User ID validado - {"user_id":30,"type":"gestor"}
03:35:14 - Calculando vendas mês atual
03:35:14 - Total vendas - {"total":0}
03:35:14 - Calculando vendas mês anterior
03:35:14 - Trend vendas - {"trend":0}
03:35:14 - Calculando receita total
03:35:14 - Receita total - {"receita":"0.00"}
03:35:14 - Trend receita - {"trend":0}
03:35:14 - Calculando pendentes
03:35:14 - Pendentes - {"count":0,"valor":"0.00"}
03:35:14 - Taxa conversão - {"taxa":0}
03:35:14 - Stats calculadas
03:35:14 - === FIM STATS (SUCESSO) ===
04:35:33 - === INÍCIO STATS ===
04:35:33 - Gestor acessando - {"user_id":30}
03:35:33 - User ID validado - {"user_id":30,"type":"gestor"}
03:35:33 - Calculando vendas mês atual
03:35:33 - Total vendas - {"total":0}
03:35:33 - Calculando vendas mês anterior
03:35:33 - Trend vendas - {"trend":0}
03:35:33 - Calculando receita total
03:35:33 - Receita total - {"receita":"0.00"}
03:35:33 - Trend receita - {"trend":0}
03:35:33 - Calculando pendentes
03:35:33 - Pendentes - {"count":0,"valor":"0.00"}
03:35:33 - Taxa conversão - {"taxa":0}
03:35:33 - Stats calculadas
03:35:33 - === FIM STATS (SUCESSO) ===
04:35:33 - === INÍCIO STATS ===
04:35:33 - Gestor acessando - {"user_id":30}
03:35:33 - User ID validado - {"user_id":30,"type":"gestor"}
03:35:33 - Calculando vendas mês atual
03:35:33 - Total vendas - {"total":0}
03:35:33 - Calculando vendas mês anterior
03:35:33 - Trend vendas - {"trend":0}
03:35:33 - Calculando receita total
03:35:33 - Receita total - {"receita":"0.00"}
03:35:33 - Trend receita - {"trend":0}
03:35:33 - Calculando pendentes
03:35:33 - Pendentes - {"count":0,"valor":"0.00"}
03:35:33 - Taxa conversão - {"taxa":0}
03:35:33 - Stats calculadas
03:35:33 - === FIM STATS (SUCESSO) ===
04:35:33 - === INÍCIO STATS ===
04:35:33 - Gestor acessando - {"user_id":30}
03:35:33 - User ID validado - {"user_id":30,"type":"gestor"}
03:35:33 - Calculando vendas mês atual
03:35:33 - Total vendas - {"total":0}
03:35:33 - Calculando vendas mês anterior
03:35:33 - Trend vendas - {"trend":0}
03:35:33 - Calculando receita total
03:35:33 - Receita total - {"receita":"0.00"}
03:35:33 - Trend receita - {"trend":0}
03:35:33 - Calculando pendentes
03:35:33 - Pendentes - {"count":0,"valor":"0.00"}
03:35:33 - Taxa conversão - {"taxa":0}
03:35:33 - Stats calculadas
03:35:33 - === FIM STATS (SUCESSO) ===
04:35:54 - === INÍCIO STATS ===
04:35:54 - Gestor acessando - {"user_id":30}
03:35:54 - User ID validado - {"user_id":30,"type":"gestor"}
03:35:54 - Calculando vendas mês atual
03:35:54 - Total vendas - {"total":0}
03:35:54 - Calculando vendas mês anterior
03:35:54 - Trend vendas - {"trend":0}
03:35:54 - Calculando receita total
03:35:54 - Receita total - {"receita":"0.00"}
03:35:54 - Trend receita - {"trend":0}
03:35:54 - Calculando pendentes
03:35:54 - Pendentes - {"count":0,"valor":"0.00"}
03:35:54 - Taxa conversão - {"taxa":0}
03:35:54 - Stats calculadas
03:35:54 - === FIM STATS (SUCESSO) ===
09:49:45 - === INÍCIO STATS ===
09:49:45 - Gestor acessando - {"user_id":30}
08:49:45 - User ID validado - {"user_id":30,"type":"gestor"}
08:49:45 - Calculando vendas mês atual
08:49:45 - Total vendas - {"total":0}
08:49:45 - Calculando vendas mês anterior
08:49:45 - Trend vendas - {"trend":0}
08:49:45 - Calculando receita total
08:49:45 - Receita total - {"receita":"0.00"}
08:49:45 - Trend receita - {"trend":0}
08:49:45 - Calculando pendentes
08:49:45 - Pendentes - {"count":0,"valor":"0.00"}
08:49:45 - Taxa conversão - {"taxa":0}
08:49:45 - Stats calculadas
08:49:45 - === FIM STATS (SUCESSO) ===
