[2026-01-19 22:04:11] Tentativa de cancelamento
Array
(
    [userId] => 1
    [orderId] => 2
)

[2026-01-19 22:04:12] Pedido cancelado com sucesso
Array
(
    [orderId] => 2
)

[2026-01-19 22:04:19] Buscando detalhes do pedido
Array
(
    [userId] => 1
    [orderId] => 2
)

[2026-01-19 22:04:19] Pedido carregado com sucesso
Array
(
    [orderId] => 2
    [itemsCount] => 1
    [total] => 123.00
)

[2026-01-20 04:19:25] Buscando detalhes do pedido
Array
(
    [userId] => 1
    [orderId] => 1
)

[2026-01-20 04:19:25] Pedido carregado com sucesso
Array
(
    [orderId] => 1
    [itemsCount] => 1
    [total] => 123.00
)

[2026-01-20 13:59:34] Buscando detalhes do pedido
Array
(
    [userId] => 1
    [orderId] => 9
)

[2026-01-20 13:59:34] Pedido carregado com sucesso
Array
(
    [orderId] => 9
    [itemsCount] => 1
    [total] => 66.00
)

[2026-01-20 20:51:40] Buscando detalhes do pedido
Array
(
    [userId] => 1
    [orderId] => 9
)

[2026-01-20 20:51:40] Pedido carregado com sucesso
Array
(
    [orderId] => 9
    [itemsCount] => 1
    [total] => 66.00
)

[2026-01-20 21:50:09] Buscando detalhes do pedido
Array
(
    [userId] => 1
    [orderId] => 9
)

[2026-01-20 21:50:09] Pedido carregado com sucesso
Array
(
    [orderId] => 9
    [itemsCount] => 1
    [total] => 66.00
)

[2026-01-20 21:53:10] Buscando detalhes do pedido
Array
(
    [userId] => 1
    [orderId] => 9
)

[2026-01-20 21:53:10] Pedido carregado com sucesso
Array
(
    [orderId] => 9
    [itemsCount] => 1
    [total] => 66.00
)

[2026-01-20 22:19:45] Buscando detalhes do pedido
Array
(
    [userId] => 1
    [orderId] => 1
)

[2026-01-20 22:19:45] Pedido carregado com sucesso
Array
(
    [orderId] => 1
    [itemsCount] => 1
    [total] => 123.00
)

