14:14:00 - === INÍCIO ===
14:14:00 - Script iniciado
14:14:00 - Sessão OK
14:14:00 - User ID: 6
14:14:00 - Testando caminhos DB...
14:14:00 - Path 1: EXISTE
14:14:00 - Incluindo DB...
13:14:00 - DB conectado!
13:14:01 - POST keys: name, category, eco_category, description, price, currency, stock_quantity, product_weight, renewable_materials, recyclable_percentage, carbon_footprint, eco_certification, environmental_impact, manufacturer, origin_country, warranty_months, dimensions
13:14:01 - FILES keys: product_image
13:14:01 - Nome: ojnk | Cat: service | Eco: reusable | Preço: 122
13:14:01 - Iniciando upload...
13:14:01 - Dir upload: existe
13:14:01 - Arquivo: design 2_Admin.png (216615 bytes, ext: png)
13:14:01 - Dados preparados
13:14:01 - Preparando statement...
13:14:01 - Fazendo bind...
14:24:02 - === INÍCIO ===
13:24:02 - Preparando statement...
13:24:02 - Executando query...
13:24:02 - Produto salvo! ID: 2
19:17:05 - === INÍCIO SALVAMENTO ===
18:17:05 - ERRO: O nome do produto e o preço são obrigatórios.
19:17:29 - === INÍCIO SALVAMENTO ===
18:17:29 - ERRO: O nome do produto e o preço são obrigatórios.
19:18:03 - === INÍCIO SALVAMENTO ===
18:18:03 - ERRO: O nome do produto e o preço são obrigatórios.
19:19:38 - === INÍCIO SALVAMENTO ===
18:19:39 - Sucesso! ID: 1
19:45:37 - === INÍCIO SALVAMENTO ===
18:45:37 - Sucesso! Produto ID: 2
19:46:32 - === INÍCIO SALVAMENTO ===
18:46:32 - Sucesso! Produto ID: 3
19:48:21 - === INÍCIO SALVAMENTO ===
18:48:21 - Sucesso! Produto ID: 4
