2025-12-20 15:22:56
{
    "isMobile": false,
    "isTablet": false,
    "isDesktop": true,
    "browser": "chrome",
    "os": "windows",
    "ua": "mozilla\/5.0 (windows nt 10.0; win64; x64) applewebkit\/537.36 (khtml, like gecko) chrome\/143.0.0.0 safari\/537.36 edg\/143.0.0.0"
}
----------------------------------------
2025-12-20 15:22:57
{
    "isMobile": false,
    "isTablet": false,
    "isDesktop": true,
    "browser": "chrome",
    "os": "windows",
    "ua": "mozilla\/5.0 (windows nt 10.0; win64; x64) applewebkit\/537.36 (khtml, like gecko) chrome\/143.0.0.0 safari\/537.36 edg\/143.0.0.0"
}
----------------------------------------
2025-12-20 15:23:06
{
    "isMobile": false,
    "isTablet": false,
    "isDesktop": true,
    "browser": "chrome",
    "os": "windows",
    "ua": "mozilla\/5.0 (windows nt 10.0; win64; x64) applewebkit\/537.36 (khtml, like gecko) chrome\/143.0.0.0 safari\/537.36 edg\/143.0.0.0"
}
----------------------------------------
2025-12-20 15:24:02
{
    "isMobile": false,
    "isTablet": false,
    "isDesktop": true,
    "browser": "chrome",
    "os": "windows",
    "ua": "mozilla\/5.0 (windows nt 10.0; win64; x64) applewebkit\/537.36 (khtml, like gecko) chrome\/143.0.0.0 safari\/537.36 edg\/143.0.0.0"
}
----------------------------------------
2025-12-20 15:24:38
{
    "isMobile": false,
    "isTablet": false,
    "isDesktop": true,
    "browser": "chrome",
    "os": "windows",
    "ua": "mozilla\/5.0 (windows nt 10.0; win64; x64) applewebkit\/537.36 (khtml, like gecko) chrome\/143.0.0.0 safari\/537.36 edg\/143.0.0.0"
}
----------------------------------------
2025-12-20 15:26:06
{
    "isMobile": false,
    "isTablet": false,
    "isDesktop": true,
    "browser": "chrome",
    "os": "windows",
    "ua": "mozilla\/5.0 (windows nt 10.0; win64; x64) applewebkit\/537.36 (khtml, like gecko) chrome\/143.0.0.0 safari\/537.36 edg\/143.0.0.0"
}
----------------------------------------
2025-12-20 15:26:07
{
    "isMobile": false,
    "isTablet": false,
    "isDesktop": true,
    "browser": "chrome",
    "os": "windows",
    "ua": "mozilla\/5.0 (windows nt 10.0; win64; x64) applewebkit\/537.36 (khtml, like gecko) chrome\/143.0.0.0 safari\/537.36 edg\/143.0.0.0"
}
----------------------------------------
2025-12-20 15:26:11
{
    "isMobile": false,
    "isTablet": false,
    "isDesktop": true,
    "browser": "chrome",
    "os": "windows",
    "ua": "mozilla\/5.0 (windows nt 10.0; win64; x64) applewebkit\/537.36 (khtml, like gecko) chrome\/143.0.0.0 safari\/537.36 edg\/143.0.0.0"
}
----------------------------------------
2025-12-20 15:26:12
{
    "isMobile": false,
    "isTablet": false,
    "isDesktop": true,
    "browser": "chrome",
    "os": "windows",
    "ua": "mozilla\/5.0 (windows nt 10.0; win64; x64) applewebkit\/537.36 (khtml, like gecko) chrome\/143.0.0.0 safari\/537.36 edg\/143.0.0.0"
}
----------------------------------------
2025-12-20 15:30:50
{
    "isMobile": false,
    "isTablet": false,
    "isDesktop": true,
    "browser": "chrome",
    "os": "windows",
    "ua": "mozilla\/5.0 (windows nt 10.0; win64; x64) applewebkit\/537.36 (khtml, like gecko) chrome\/143.0.0.0 safari\/537.36 edg\/143.0.0.0"
}
----------------------------------------
2025-12-20 15:30:51
{
    "isMobile": false,
    "isTablet": false,
    "isDesktop": true,
    "browser": "chrome",
    "os": "windows",
    "ua": "mozilla\/5.0 (windows nt 10.0; win64; x64) applewebkit\/537.36 (khtml, like gecko) chrome\/143.0.0.0 safari\/537.36 edg\/143.0.0.0"
}
----------------------------------------
2025-12-20 15:30:51
{
    "isMobile": false,
    "isTablet": false,
    "isDesktop": true,
    "browser": "chrome",
    "os": "windows",
    "ua": "mozilla\/5.0 (windows nt 10.0; win64; x64) applewebkit\/537.36 (khtml, like gecko) chrome\/143.0.0.0 safari\/537.36 edg\/143.0.0.0"
}
----------------------------------------
2025-12-20 15:32:48
{
    "isMobile": false,
    "isTablet": false,
    "isDesktop": true,
    "browser": "chrome",
    "os": "windows",
    "ua": "mozilla\/5.0 (windows nt 10.0; win64; x64) applewebkit\/537.36 (khtml, like gecko) chrome\/143.0.0.0 safari\/537.36 edg\/143.0.0.0"
}
----------------------------------------
2025-12-20 15:32:49
{
    "isMobile": false,
    "isTablet": false,
    "isDesktop": true,
    "browser": "chrome",
    "os": "windows",
    "ua": "mozilla\/5.0 (windows nt 10.0; win64; x64) applewebkit\/537.36 (khtml, like gecko) chrome\/143.0.0.0 safari\/537.36 edg\/143.0.0.0"
}
----------------------------------------
2025-12-20 15:33:01
{
    "isMobile": false,
    "isTablet": false,
    "isDesktop": true,
    "browser": "chrome",
    "os": "windows",
    "ua": "mozilla\/5.0 (windows nt 10.0; win64; x64) applewebkit\/537.36 (khtml, like gecko) chrome\/143.0.0.0 safari\/537.36 edg\/143.0.0.0"
}
----------------------------------------
2025-12-20 15:33:13
{
    "isMobile": false,
    "isTablet": false,
    "isDesktop": true,
    "browser": "chrome",
    "os": "windows",
    "ua": "mozilla\/5.0 (windows nt 10.0; win64; x64) applewebkit\/537.36 (khtml, like gecko) chrome\/143.0.0.0 safari\/537.36 edg\/143.0.0.0"
}
----------------------------------------
2025-12-20 15:33:14
{
    "isMobile": false,
    "isTablet": false,
    "isDesktop": true,
    "browser": "chrome",
    "os": "windows",
    "ua": "mozilla\/5.0 (windows nt 10.0; win64; x64) applewebkit\/537.36 (khtml, like gecko) chrome\/143.0.0.0 safari\/537.36 edg\/143.0.0.0"
}
----------------------------------------
2025-12-20 15:33:14
{
    "isMobile": false,
    "isTablet": false,
    "isDesktop": true,
    "browser": "chrome",
    "os": "windows",
    "ua": "mozilla\/5.0 (windows nt 10.0; win64; x64) applewebkit\/537.36 (khtml, like gecko) chrome\/143.0.0.0 safari\/537.36 edg\/143.0.0.0"
}
----------------------------------------
2025-12-20 15:33:15
{
    "isMobile": false,
    "isTablet": false,
    "isDesktop": true,
    "browser": "chrome",
    "os": "windows",
    "ua": "mozilla\/5.0 (windows nt 10.0; win64; x64) applewebkit\/537.36 (khtml, like gecko) chrome\/143.0.0.0 safari\/537.36 edg\/143.0.0.0"
}
----------------------------------------
2025-12-20 15:36:47
{
    "isMobile": false,
    "isTablet": false,
    "isDesktop": true,
    "browser": "chrome",
    "os": "windows",
    "ua": "mozilla\/5.0 (windows nt 10.0; win64; x64) applewebkit\/537.36 (khtml, like gecko) chrome\/143.0.0.0 safari\/537.36 edg\/143.0.0.0"
}
----------------------------------------
2025-12-20 15:36:48
{
    "isMobile": false,
    "isTablet": false,
    "isDesktop": true,
    "browser": "chrome",
    "os": "windows",
    "ua": "mozilla\/5.0 (windows nt 10.0; win64; x64) applewebkit\/537.36 (khtml, like gecko) chrome\/143.0.0.0 safari\/537.36 edg\/143.0.0.0"
}
----------------------------------------
2025-12-20 15:38:17
{
    "isMobile": false,
    "isTablet": false,
    "isDesktop": true,
    "browser": "chrome",
    "os": "windows",
    "ua": "mozilla\/5.0 (windows nt 10.0; win64; x64) applewebkit\/537.36 (khtml, like gecko) chrome\/143.0.0.0 safari\/537.36 edg\/143.0.0.0"
}
----------------------------------------
2025-12-20 15:41:44
{
    "isMobile": false,
    "isTablet": false,
    "isDesktop": true,
    "browser": "chrome",
    "os": "windows",
    "ua": "mozilla\/5.0 (windows nt 10.0; win64; x64) applewebkit\/537.36 (khtml, like gecko) chrome\/143.0.0.0 safari\/537.36 edg\/143.0.0.0"
}
----------------------------------------
2025-12-20 15:41:45
{
    "isMobile": false,
    "isTablet": false,
    "isDesktop": true,
    "browser": "chrome",
    "os": "windows",
    "ua": "mozilla\/5.0 (windows nt 10.0; win64; x64) applewebkit\/537.36 (khtml, like gecko) chrome\/143.0.0.0 safari\/537.36 edg\/143.0.0.0"
}
----------------------------------------
2025-12-20 15:41:58
{
    "isMobile": false,
    "isTablet": false,
    "isDesktop": true,
    "browser": "chrome",
    "os": "windows",
    "ua": "mozilla\/5.0 (windows nt 10.0; win64; x64) applewebkit\/537.36 (khtml, like gecko) chrome\/143.0.0.0 safari\/537.36 edg\/143.0.0.0"
}
----------------------------------------
2025-12-20 15:42:04
{
    "isMobile": false,
    "isTablet": false,
    "isDesktop": true,
    "browser": "chrome",
    "os": "windows",
    "ua": "mozilla\/5.0 (windows nt 10.0; win64; x64) applewebkit\/537.36 (khtml, like gecko) chrome\/143.0.0.0 safari\/537.36 edg\/143.0.0.0"
}
----------------------------------------
2025-12-20 15:45:24
{
    "isMobile": false,
    "isTablet": false,
    "isDesktop": true,
    "browser": "chrome",
    "os": "windows",
    "ua": "mozilla\/5.0 (windows nt 10.0; win64; x64) applewebkit\/537.36 (khtml, like gecko) chrome\/143.0.0.0 safari\/537.36 edg\/143.0.0.0"
}
----------------------------------------
2025-12-20 15:45:26
{
    "isMobile": false,
    "isTablet": false,
    "isDesktop": true,
    "browser": "chrome",
    "os": "windows",
    "ua": "mozilla\/5.0 (windows nt 10.0; win64; x64) applewebkit\/537.36 (khtml, like gecko) chrome\/143.0.0.0 safari\/537.36 edg\/143.0.0.0"
}
----------------------------------------
2025-12-20 15:45:26
{
    "isMobile": false,
    "isTablet": false,
    "isDesktop": true,
    "browser": "chrome",
    "os": "windows",
    "ua": "mozilla\/5.0 (windows nt 10.0; win64; x64) applewebkit\/537.36 (khtml, like gecko) chrome\/143.0.0.0 safari\/537.36 edg\/143.0.0.0"
}
----------------------------------------
2025-12-20 15:45:28
{
    "isMobile": false,
    "isTablet": false,
    "isDesktop": true,
    "browser": "chrome",
    "os": "windows",
    "ua": "mozilla\/5.0 (windows nt 10.0; win64; x64) applewebkit\/537.36 (khtml, like gecko) chrome\/143.0.0.0 safari\/537.36 edg\/143.0.0.0"
}
----------------------------------------
2025-12-20 15:50:51
{
    "isMobile": false,
    "isTablet": false,
    "isDesktop": true,
    "browser": "chrome",
    "os": "windows",
    "ua": "mozilla\/5.0 (windows nt 10.0; win64; x64) applewebkit\/537.36 (khtml, like gecko) chrome\/143.0.0.0 safari\/537.36 edg\/143.0.0.0"
}
----------------------------------------
2025-12-20 15:50:53
{
    "isMobile": false,
    "isTablet": false,
    "isDesktop": true,
    "browser": "chrome",
    "os": "windows",
    "ua": "mozilla\/5.0 (windows nt 10.0; win64; x64) applewebkit\/537.36 (khtml, like gecko) chrome\/143.0.0.0 safari\/537.36 edg\/143.0.0.0"
}
----------------------------------------
2025-12-20 15:50:55
{
    "isMobile": false,
    "isTablet": false,
    "isDesktop": true,
    "browser": "chrome",
    "os": "windows",
    "ua": "mozilla\/5.0 (windows nt 10.0; win64; x64) applewebkit\/537.36 (khtml, like gecko) chrome\/143.0.0.0 safari\/537.36 edg\/143.0.0.0"
}
----------------------------------------
2025-12-20 15:50:56
{
    "isMobile": false,
    "isTablet": false,
    "isDesktop": true,
    "browser": "chrome",
    "os": "windows",
    "ua": "mozilla\/5.0 (windows nt 10.0; win64; x64) applewebkit\/537.36 (khtml, like gecko) chrome\/143.0.0.0 safari\/537.36 edg\/143.0.0.0"
}
----------------------------------------
2025-12-20 15:50:57
{
    "isMobile": false,
    "isTablet": false,
    "isDesktop": true,
    "browser": "chrome",
    "os": "windows",
    "ua": "mozilla\/5.0 (windows nt 10.0; win64; x64) applewebkit\/537.36 (khtml, like gecko) chrome\/143.0.0.0 safari\/537.36 edg\/143.0.0.0"
}
----------------------------------------
2025-12-20 15:50:59
{
    "isMobile": false,
    "isTablet": false,
    "isDesktop": true,
    "browser": "chrome",
    "os": "windows",
    "ua": "mozilla\/5.0 (windows nt 10.0; win64; x64) applewebkit\/537.36 (khtml, like gecko) chrome\/143.0.0.0 safari\/537.36 edg\/143.0.0.0"
}
----------------------------------------
2025-12-20 15:51:00
{
    "isMobile": false,
    "isTablet": false,
    "isDesktop": true,
    "browser": "chrome",
    "os": "windows",
    "ua": "mozilla\/5.0 (windows nt 10.0; win64; x64) applewebkit\/537.36 (khtml, like gecko) chrome\/143.0.0.0 safari\/537.36 edg\/143.0.0.0"
}
----------------------------------------
2025-12-20 15:51:01
{
    "isMobile": false,
    "isTablet": false,
    "isDesktop": true,
    "browser": "chrome",
    "os": "windows",
    "ua": "mozilla\/5.0 (windows nt 10.0; win64; x64) applewebkit\/537.36 (khtml, like gecko) chrome\/143.0.0.0 safari\/537.36 edg\/143.0.0.0"
}
----------------------------------------
2025-12-20 15:51:03
{
    "isMobile": false,
    "isTablet": false,
    "isDesktop": true,
    "browser": "chrome",
    "os": "windows",
    "ua": "mozilla\/5.0 (windows nt 10.0; win64; x64) applewebkit\/537.36 (khtml, like gecko) chrome\/143.0.0.0 safari\/537.36 edg\/143.0.0.0"
}
----------------------------------------
2025-12-20 15:51:04
{
    "isMobile": false,
    "isTablet": false,
    "isDesktop": true,
    "browser": "chrome",
    "os": "windows",
    "ua": "mozilla\/5.0 (windows nt 10.0; win64; x64) applewebkit\/537.36 (khtml, like gecko) chrome\/143.0.0.0 safari\/537.36 edg\/143.0.0.0"
}
----------------------------------------
2025-12-20 15:51:04
{
    "isMobile": false,
    "isTablet": false,
    "isDesktop": true,
    "browser": "chrome",
    "os": "windows",
    "ua": "mozilla\/5.0 (windows nt 10.0; win64; x64) applewebkit\/537.36 (khtml, like gecko) chrome\/143.0.0.0 safari\/537.36 edg\/143.0.0.0"
}
----------------------------------------
2025-12-20 15:51:06
{
    "isMobile": false,
    "isTablet": false,
    "isDesktop": true,
    "browser": "chrome",
    "os": "windows",
    "ua": "mozilla\/5.0 (windows nt 10.0; win64; x64) applewebkit\/537.36 (khtml, like gecko) chrome\/143.0.0.0 safari\/537.36 edg\/143.0.0.0"
}
----------------------------------------
2025-12-20 15:51:06
{
    "isMobile": false,
    "isTablet": false,
    "isDesktop": true,
    "browser": "chrome",
    "os": "windows",
    "ua": "mozilla\/5.0 (windows nt 10.0; win64; x64) applewebkit\/537.36 (khtml, like gecko) chrome\/143.0.0.0 safari\/537.36 edg\/143.0.0.0"
}
----------------------------------------
2025-12-20 15:51:08
{
    "isMobile": false,
    "isTablet": false,
    "isDesktop": true,
    "browser": "chrome",
    "os": "windows",
    "ua": "mozilla\/5.0 (windows nt 10.0; win64; x64) applewebkit\/537.36 (khtml, like gecko) chrome\/143.0.0.0 safari\/537.36 edg\/143.0.0.0"
}
----------------------------------------
2025-12-20 15:51:09
{
    "isMobile": false,
    "isTablet": false,
    "isDesktop": true,
    "browser": "chrome",
    "os": "windows",
    "ua": "mozilla\/5.0 (windows nt 10.0; win64; x64) applewebkit\/537.36 (khtml, like gecko) chrome\/143.0.0.0 safari\/537.36 edg\/143.0.0.0"
}
----------------------------------------
2025-12-20 15:51:10
{
    "isMobile": false,
    "isTablet": false,
    "isDesktop": true,
    "browser": "chrome",
    "os": "windows",
    "ua": "mozilla\/5.0 (windows nt 10.0; win64; x64) applewebkit\/537.36 (khtml, like gecko) chrome\/143.0.0.0 safari\/537.36 edg\/143.0.0.0"
}
----------------------------------------
2025-12-20 15:51:11
{
    "isMobile": false,
    "isTablet": false,
    "isDesktop": true,
    "browser": "chrome",
    "os": "windows",
    "ua": "mozilla\/5.0 (windows nt 10.0; win64; x64) applewebkit\/537.36 (khtml, like gecko) chrome\/143.0.0.0 safari\/537.36 edg\/143.0.0.0"
}
----------------------------------------
2025-12-20 15:51:12
{
    "isMobile": false,
    "isTablet": false,
    "isDesktop": true,
    "browser": "chrome",
    "os": "windows",
    "ua": "mozilla\/5.0 (windows nt 10.0; win64; x64) applewebkit\/537.36 (khtml, like gecko) chrome\/143.0.0.0 safari\/537.36 edg\/143.0.0.0"
}
----------------------------------------
2025-12-20 15:51:14
{
    "isMobile": false,
    "isTablet": false,
    "isDesktop": true,
    "browser": "chrome",
    "os": "windows",
    "ua": "mozilla\/5.0 (windows nt 10.0; win64; x64) applewebkit\/537.36 (khtml, like gecko) chrome\/143.0.0.0 safari\/537.36 edg\/143.0.0.0"
}
----------------------------------------
2025-12-20 15:51:30
{
    "isMobile": false,
    "isTablet": false,
    "isDesktop": true,
    "browser": "chrome",
    "os": "windows",
    "ua": "mozilla\/5.0 (windows nt 10.0; win64; x64) applewebkit\/537.36 (khtml, like gecko) chrome\/143.0.0.0 safari\/537.36 edg\/143.0.0.0"
}
----------------------------------------
2025-12-20 15:51:31
{
    "isMobile": false,
    "isTablet": false,
    "isDesktop": true,
    "browser": "chrome",
    "os": "windows",
    "ua": "mozilla\/5.0 (windows nt 10.0; win64; x64) applewebkit\/537.36 (khtml, like gecko) chrome\/143.0.0.0 safari\/537.36 edg\/143.0.0.0"
}
----------------------------------------
2025-12-20 16:06:29
{
    "isMobile": false,
    "isTablet": false,
    "isDesktop": true,
    "browser": "chrome",
    "os": "windows",
    "ua": "mozilla\/5.0 (windows nt 10.0; win64; x64) applewebkit\/537.36 (khtml, like gecko) chrome\/143.0.0.0 safari\/537.36 edg\/143.0.0.0"
}
----------------------------------------
2025-12-20 16:06:44
{
    "isMobile": false,
    "isTablet": false,
    "isDesktop": true,
    "browser": "chrome",
    "os": "windows",
    "ua": "mozilla\/5.0 (windows nt 10.0; win64; x64) applewebkit\/537.36 (khtml, like gecko) chrome\/143.0.0.0 safari\/537.36 edg\/143.0.0.0"
}
----------------------------------------
2025-12-20 16:08:20
{
    "isMobile": false,
    "isTablet": false,
    "isDesktop": true,
    "browser": "chrome",
    "os": "windows",
    "ua": "mozilla\/5.0 (windows nt 10.0; win64; x64) applewebkit\/537.36 (khtml, like gecko) chrome\/143.0.0.0 safari\/537.36 edg\/143.0.0.0"
}
----------------------------------------
2025-12-20 16:08:29
{
    "isMobile": false,
    "isTablet": false,
    "isDesktop": true,
    "browser": "chrome",
    "os": "windows",
    "ua": "mozilla\/5.0 (windows nt 10.0; win64; x64) applewebkit\/537.36 (khtml, like gecko) chrome\/143.0.0.0 safari\/537.36 edg\/143.0.0.0"
}
----------------------------------------
2025-12-20 16:09:48
{
    "isMobile": false,
    "isTablet": false,
    "isDesktop": true,
    "browser": "chrome",
    "os": "windows",
    "ua": "mozilla\/5.0 (windows nt 10.0; win64; x64) applewebkit\/537.36 (khtml, like gecko) chrome\/143.0.0.0 safari\/537.36 edg\/143.0.0.0"
}
----------------------------------------
2025-12-20 16:09:49
{
    "isMobile": false,
    "isTablet": false,
    "isDesktop": true,
    "browser": "chrome",
    "os": "windows",
    "ua": "mozilla\/5.0 (windows nt 10.0; win64; x64) applewebkit\/537.36 (khtml, like gecko) chrome\/143.0.0.0 safari\/537.36 edg\/143.0.0.0"
}
----------------------------------------
2025-12-20 16:10:00
{
    "isMobile": false,
    "isTablet": false,
    "isDesktop": true,
    "browser": "chrome",
    "os": "windows",
    "ua": "mozilla\/5.0 (windows nt 10.0; win64; x64) applewebkit\/537.36 (khtml, like gecko) chrome\/143.0.0.0 safari\/537.36 edg\/143.0.0.0"
}
----------------------------------------
2025-12-20 16:11:15
{
    "isMobile": false,
    "isTablet": false,
    "isDesktop": true,
    "browser": "chrome",
    "os": "windows",
    "ua": "mozilla\/5.0 (windows nt 10.0; win64; x64) applewebkit\/537.36 (khtml, like gecko) chrome\/143.0.0.0 safari\/537.36 edg\/143.0.0.0"
}
----------------------------------------
2025-12-20 16:11:17
{
    "isMobile": false,
    "isTablet": false,
    "isDesktop": true,
    "browser": "chrome",
    "os": "windows",
    "ua": "mozilla\/5.0 (windows nt 10.0; win64; x64) applewebkit\/537.36 (khtml, like gecko) chrome\/143.0.0.0 safari\/537.36 edg\/143.0.0.0"
}
----------------------------------------
2025-12-20 16:11:32
{
    "isMobile": false,
    "isTablet": false,
    "isDesktop": true,
    "browser": "chrome",
    "os": "windows",
    "ua": "mozilla\/5.0 (windows nt 10.0; win64; x64) applewebkit\/537.36 (khtml, like gecko) chrome\/143.0.0.0 safari\/537.36 edg\/143.0.0.0"
}
----------------------------------------
2025-12-20 16:11:54
{
    "isMobile": false,
    "isTablet": false,
    "isDesktop": true,
    "browser": "chrome",
    "os": "windows",
    "ua": "mozilla\/5.0 (windows nt 10.0; win64; x64) applewebkit\/537.36 (khtml, like gecko) chrome\/143.0.0.0 safari\/537.36 edg\/143.0.0.0"
}
----------------------------------------
2025-12-20 16:11:55
{
    "isMobile": false,
    "isTablet": false,
    "isDesktop": true,
    "browser": "chrome",
    "os": "windows",
    "ua": "mozilla\/5.0 (windows nt 10.0; win64; x64) applewebkit\/537.36 (khtml, like gecko) chrome\/143.0.0.0 safari\/537.36 edg\/143.0.0.0"
}
----------------------------------------
2025-12-20 16:11:57
{
    "isMobile": false,
    "isTablet": false,
    "isDesktop": true,
    "browser": "chrome",
    "os": "windows",
    "ua": "mozilla\/5.0 (windows nt 10.0; win64; x64) applewebkit\/537.36 (khtml, like gecko) chrome\/143.0.0.0 safari\/537.36 edg\/143.0.0.0"
}
----------------------------------------
2025-12-20 16:11:58
{
    "isMobile": false,
    "isTablet": false,
    "isDesktop": true,
    "browser": "chrome",
    "os": "windows",
    "ua": "mozilla\/5.0 (windows nt 10.0; win64; x64) applewebkit\/537.36 (khtml, like gecko) chrome\/143.0.0.0 safari\/537.36 edg\/143.0.0.0"
}
----------------------------------------
2025-12-20 16:17:35
{
    "isMobile": false,
    "isTablet": false,
    "isDesktop": true,
    "browser": "chrome",
    "os": "windows",
    "ua": "mozilla\/5.0 (windows nt 10.0; win64; x64) applewebkit\/537.36 (khtml, like gecko) chrome\/143.0.0.0 safari\/537.36 edg\/143.0.0.0"
}
----------------------------------------
2025-12-20 16:17:37
{
    "isMobile": false,
    "isTablet": false,
    "isDesktop": true,
    "browser": "chrome",
    "os": "windows",
    "ua": "mozilla\/5.0 (windows nt 10.0; win64; x64) applewebkit\/537.36 (khtml, like gecko) chrome\/143.0.0.0 safari\/537.36 edg\/143.0.0.0"
}
----------------------------------------
2025-12-20 16:17:45
{
    "isMobile": false,
    "isTablet": false,
    "isDesktop": true,
    "browser": "chrome",
    "os": "windows",
    "ua": "mozilla\/5.0 (windows nt 10.0; win64; x64) applewebkit\/537.36 (khtml, like gecko) chrome\/143.0.0.0 safari\/537.36 edg\/143.0.0.0"
}
----------------------------------------
2025-12-20 16:17:49
{
    "isMobile": false,
    "isTablet": false,
    "isDesktop": true,
    "browser": "chrome",
    "os": "windows",
    "ua": "mozilla\/5.0 (windows nt 10.0; win64; x64) applewebkit\/537.36 (khtml, like gecko) chrome\/143.0.0.0 safari\/537.36 edg\/143.0.0.0"
}
----------------------------------------
2025-12-20 16:18:01
{
    "isMobile": false,
    "isTablet": false,
    "isDesktop": true,
    "browser": "chrome",
    "os": "windows",
    "ua": "mozilla\/5.0 (windows nt 10.0; win64; x64) applewebkit\/537.36 (khtml, like gecko) chrome\/143.0.0.0 safari\/537.36 edg\/143.0.0.0"
}
----------------------------------------
2025-12-20 16:32:43
{
    "isMobile": false,
    "isTablet": false,
    "isDesktop": true,
    "browser": "chrome",
    "os": "windows",
    "ua": "mozilla\/5.0 (windows nt 10.0; win64; x64) applewebkit\/537.36 (khtml, like gecko) chrome\/143.0.0.0 safari\/537.36 edg\/143.0.0.0"
}
----------------------------------------
2025-12-21 17:23:08
{
    "isMobile": false,
    "isTablet": false,
    "isDesktop": true,
    "browser": "chrome",
    "os": "windows",
    "ua": "mozilla\/5.0 (windows nt 10.0; win64; x64) applewebkit\/537.36 (khtml, like gecko) chrome\/143.0.0.0 safari\/537.36 edg\/143.0.0.0"
}
----------------------------------------
2025-12-21 17:23:30
{
    "isMobile": false,
    "isTablet": false,
    "isDesktop": true,
    "browser": "chrome",
    "os": "windows",
    "ua": "mozilla\/5.0 (windows nt 10.0; win64; x64) applewebkit\/537.36 (khtml, like gecko) chrome\/143.0.0.0 safari\/537.36 edg\/143.0.0.0"
}
----------------------------------------
2025-12-21 17:24:11
{
    "isMobile": false,
    "isTablet": false,
    "isDesktop": true,
    "browser": "chrome",
    "os": "windows",
    "ua": "mozilla\/5.0 (windows nt 10.0; win64; x64) applewebkit\/537.36 (khtml, like gecko) chrome\/143.0.0.0 safari\/537.36 edg\/143.0.0.0"
}
----------------------------------------
2025-12-21 17:24:43
{
    "isMobile": false,
    "isTablet": false,
    "isDesktop": true,
    "browser": "chrome",
    "os": "windows",
    "ua": "mozilla\/5.0 (windows nt 10.0; win64; x64) applewebkit\/537.36 (khtml, like gecko) chrome\/143.0.0.0 safari\/537.36 edg\/143.0.0.0"
}
----------------------------------------
2025-12-21 17:25:20
{
    "isMobile": false,
    "isTablet": false,
    "isDesktop": true,
    "browser": "chrome",
    "os": "windows",
    "ua": "mozilla\/5.0 (windows nt 10.0; win64; x64) applewebkit\/537.36 (khtml, like gecko) chrome\/143.0.0.0 safari\/537.36 edg\/143.0.0.0"
}
----------------------------------------
[2026-01-02 11:36:34] ::1 | OS: windows | Role: Visitante
[2026-01-02 11:36:35] ::1 | OS: windows | Role: Visitante
[2026-01-02 11:37:01] ::1 | OS: windows | Role: Visitante
[2026-01-03 13:10:29] ::1 | OS: windows | Role: Visitante
[2026-01-03 13:13:13] ::1 | OS: windows | Role: Visitante
[2026-01-03 13:17:14] ::1 | OS: windows | Role: Visitante
[2026-01-03 13:39:19] ::1 | OS: windows | Role: Visitante
[2026-01-03 13:40:22] ::1 | OS: windows | Role: Visitante
[2026-01-03 13:40:24] ::1 | OS: windows | Role: Visitante
[2026-01-03 13:42:55] ::1 | OS: windows | Role: Visitante
[2026-01-03 13:50:23] ::1 | OS: windows | Role: Visitante
[2026-01-03 13:52:42] ::1 | OS: windows | Role: Visitante
[2026-01-04 13:00:40] ::1 | OS: windows | Role: Visitante
[2026-01-04 14:06:46] ::1 | OS: windows | Role: Visitante
[2026-01-04 14:06:50] ::1 | OS: windows | Role: Visitante
[2026-01-05 14:30:54] ::1 | OS: windows | Role: Visitante
[2026-01-13 04:14:51] ::1 | OS: windows | Role: Visitante
[2026-01-13 04:16:29] ::1 | OS: windows | Role: Visitante
[2026-01-14 04:23:38] ::1 | OS: windows | Role: Visitante
[2026-01-15 05:39:53] ::1 | OS: windows | Role: Visitante
[2026-01-15 20:18:31] ::1 | OS: windows | Role: Visitante
[2026-01-15 20:25:57] ::1 | OS: windows | Role: Visitante
[2026-01-18 14:56:15] ::1 | OS: windows | Role: Visitante
[2026-01-18 15:01:12] ::1 | OS: windows | Role: Visitante
[2026-01-18 15:01:19] ::1 | OS: windows | Role: Visitante
[2026-01-18 15:01:26] ::1 | OS: android | Role: Visitante
[2026-01-18 15:01:31] ::1 | OS: android | Role: Visitante
[2026-01-18 15:01:33] ::1 | OS: android | Role: Visitante
[2026-01-18 15:01:41] ::1 | OS: android | Role: Visitante
[2026-01-18 15:01:42] ::1 | OS: android | Role: Visitante
[2026-01-18 15:01:44] ::1 | OS: android | Role: Visitante
[2026-01-18 15:01:48] ::1 | OS: windows | Role: Visitante
[2026-01-18 15:01:55] ::1 | OS: windows | Role: Visitante
[2026-01-18 16:25:03] ::1 | OS: windows | Role: Visitante
[2026-01-18 17:01:26] ::1 | OS: windows | Role: Visitante
[2026-01-20 14:25:40] ::1 | OS: windows | Role: Visitante
[2026-01-26 13:52:57] ::1 | OS: windows | Role: Visitante
[2026-01-26 13:59:19] ::1 | OS: windows | Role: Visitante
[2026-01-26 14:05:02] ::1 | OS: windows | Role: Visitante
[2026-01-26 20:33:44] ::1 | OS: windows | Role: Visitante
[2026-01-26 20:52:37] ::1 | OS: windows | Role: Visitante
[2026-01-26 21:02:11] ::1 | OS: windows | Role: Visitante
[2026-01-26 21:02:33] ::1 | OS: windows | Role: Visitante
[2026-01-26 21:02:39] ::1 | OS: windows | Role: Visitante
[2026-01-26 21:02:49] ::1 | OS: windows | Role: Visitante
[2026-01-26 21:02:49] ::1 | OS: windows | Role: Visitante
[2026-01-26 21:04:43] ::1 | OS: windows | Role: Visitante
[2026-01-26 21:06:03] ::1 | OS: windows | Role: Visitante
[2026-01-26 21:06:40] ::1 | OS: windows | Role: Visitante
[2026-01-26 21:07:12] ::1 | OS: windows | Role: Visitante
[2026-01-26 21:07:15] ::1 | OS: windows | Role: Visitante
[2026-01-26 21:10:05] ::1 | OS: windows | Role: Visitante
[2026-01-26 21:10:15] ::1 | OS: windows | Role: Visitante
[2026-01-27 04:38:30] ::1 | OS: windows | Role: Visitante
[2026-01-27 04:38:30] ::1 | OS: windows | Role: Visitante
[2026-01-27 04:38:38] ::1 | OS: ios | Role: Visitante
[2026-01-27 04:38:41] ::1 | OS: ios | Role: Visitante
[2026-01-27 04:38:45] ::1 | OS: windows | Role: Visitante
[2026-01-27 04:39:02] ::1 | OS: windows | Role: Visitante
[2026-01-27 04:40:07] ::1 | OS: windows | Role: Visitante
[2026-01-27 11:39:15] ::1 | OS: windows | Role: Visitante
[2026-01-27 11:39:20] ::1 | OS: windows | Role: Visitante
[2026-01-27 11:41:59] ::1 | OS: windows | Role: Visitante
[2026-01-27 11:44:53] ::1 | OS: windows | Role: Visitante
[2026-01-27 11:50:12] ::1 | OS: windows | Role: Visitante
[2026-01-27 12:32:09] ::1 | OS: windows | Role: Visitante
[2026-01-27 12:32:13] ::1 | OS: windows | Role: Visitante
[2026-01-27 16:22:33] IP: ::1 | OS: windows | Browser: chrome | Tipos: business,pessoal | Tipo Atual: business
[2026-01-27 16:22:44] IP: ::1 | OS: windows | Browser: chrome | Tipos: business,pessoal | Tipo Atual: business
[2026-01-27 16:31:02] IP: ::1 | OS: windows | Browser: chrome | Tipos: business,pessoal | Tipo Atual: business
[2026-01-27 17:02:31] IP: ::1 | OS: windows | Browser: chrome | Tipos: business,pessoal | Tipo Atual: business
[2026-01-27 17:07:21] IP: ::1 | OS: windows | Browser: chrome | Tipos: business,pessoal | Tipo Atual: business
[2026-01-27 17:08:09] IP: ::1 | OS: windows | Browser: chrome | Tipos: business,pessoal | Tipo Atual: business
[2026-01-27 17:08:09] IP: ::1 | OS: windows | Browser: chrome | Tipos: business,pessoal | Tipo Atual: business
[2026-01-27 17:08:39] IP: ::1 | OS: windows | Browser: chrome | Tipos: business,pessoal | Tipo Atual: business
[2026-01-27 17:10:30] IP: ::1 | OS: windows | Browser: chrome | Tipos: business,pessoal | Tipo Atual: business
[2026-01-27 17:11:46] IP: ::1 | OS: windows | Browser: chrome | Tipos: business,pessoal | Tipo Atual: business
[2026-01-27 17:12:02] IP: ::1 | OS: windows | Browser: chrome | Tipos: business,pessoal | Tipo Atual: business
[2026-01-27 17:19:02] IP: ::1 | OS: windows | Browser: chrome | Tipos: business,pessoal | Tipo Atual: pessoal
[2026-01-27 17:19:04] IP: ::1 | OS: windows | Browser: chrome | Tipos: business,pessoal | Tipo Atual: pessoal
[2026-01-27 17:20:42] IP: ::1 | OS: windows | Browser: chrome | Tipos: business,pessoal | Tipo Atual: business
[2026-01-27 17:20:57] IP: ::1 | OS: windows | Browser: chrome | Tipos: business,pessoal | Tipo Atual: business
[2026-01-27 17:21:19] IP: ::1 | OS: ios | Browser: safari | Tipos: pessoal | Tipo Atual: pessoal
[2026-01-27 17:21:28] IP: ::1 | OS: ios | Browser: safari | Tipos: pessoal | Tipo Atual: pessoal
[2026-01-27 17:21:40] IP: ::1 | OS: ios | Browser: safari | Tipos: pessoal | Tipo Atual: pessoal
[2026-01-27 17:21:58] IP: ::1 | OS: windows | Browser: chrome | Tipos: business,pessoal | Tipo Atual: business
[2026-01-27 17:22:03] IP: ::1 | OS: windows | Browser: chrome | Tipos: business,pessoal | Tipo Atual: business
[2026-01-27 17:22:11] IP: ::1 | OS: windows | Browser: chrome | Tipos: business,pessoal | Tipo Atual: business
[2026-01-27 17:22:24] IP: ::1 | OS: windows | Browser: chrome | Tipos: business,pessoal | Tipo Atual: business
[2026-01-27 17:22:40] IP: ::1 | OS: ios | Browser: safari | Tipos: pessoal | Tipo Atual: pessoal
[2026-01-27 17:22:43] IP: ::1 | OS: ios | Browser: safari | Tipos: pessoal | Tipo Atual: pessoal
[2026-01-27 17:22:52] IP: ::1 | OS: windows | Browser: chrome | Tipos: business,pessoal | Tipo Atual: business
[2026-01-27 17:23:20] IP: ::1 | OS: ios | Browser: safari | Tipos: pessoal | Tipo Atual: pessoal
[2026-01-27 17:23:22] IP: ::1 | OS: ios | Browser: safari | Tipos: pessoal | Tipo Atual: pessoal
[2026-01-27 17:27:23] IP: ::1 | OS: windows | Browser: chrome | Tipos: business,pessoal | Tipo Atual: business
[2026-01-27 17:31:03] IP: ::1 | OS: windows | Browser: chrome | Tipos: business,pessoal | Tipo Atual: business
[2026-01-27 17:32:07] IP: ::1 | OS: windows | Browser: chrome | Tipos: business,pessoal | Tipo Atual: business
[2026-01-27 17:36:44] IP: ::1 | OS: windows | Browser: chrome | Tipos: business,pessoal | Tipo Atual: business
[2026-01-28 10:34:36] IP: ::1 | OS: windows | Browser: edge | Tipos: business,pessoal | Tipo Atual: business
[2026-01-29 04:04:17] IP: ::1 | OS: windows | Browser: chrome | Tipos: business,pessoal | Tipo Atual: business
[2026-01-29 19:16:14] IP: ::1 | OS: windows | Browser: chrome | Tipos: business,pessoal | Tipo Atual: business
[2026-01-30 08:57:00] IP: ::1 | OS: windows | Browser: chrome | Tipos: business,pessoal | Tipo Atual: business
[2026-01-30 08:57:12] IP: ::1 | OS: windows | Browser: chrome | Tipos: business,pessoal | Tipo Atual: business
[2026-01-30 15:38:11] IP: ::1 | OS: windows | Browser: chrome | Tipos: business,pessoal | Tipo Atual: business
[2026-01-30 15:46:36] IP: ::1 | OS: windows | Browser: chrome | Tipos: business,pessoal | Tipo Atual: business
[2026-01-31 12:38:34] IP: ::1 | OS: windows | Browser: chrome | Tipos: business,pessoal | Tipo Atual: business
[2026-02-03 06:01:39] IP: ::1 | OS: windows | Browser: chrome | Tipos: business,pessoal | Tipo Atual: business
[2026-02-03 06:02:10] IP: ::1 | OS: windows | Browser: chrome | Tipos: business,pessoal | Tipo Atual: business
[2026-02-03 06:16:43] IP: ::1 | OS: windows | Browser: chrome | Tipos: business,pessoal | Tipo Atual: business
[2026-02-03 06:16:54] IP: ::1 | OS: windows | Browser: chrome | Tipos: business,pessoal | Tipo Atual: pessoal
[2026-02-03 06:17:02] IP: ::1 | OS: windows | Browser: chrome | Tipos: business,pessoal | Tipo Atual: business
[2026-02-03 06:25:27] IP: ::1 | OS: windows | Browser: chrome | Tipos: business,pessoal | Tipo Atual: business
[2026-02-03 06:27:51] IP: ::1 | OS: windows | Browser: chrome | Tipos: business,pessoal | Tipo Atual: pessoal
[2026-02-03 06:28:09] IP: ::1 | OS: windows | Browser: chrome | Tipos: business,pessoal | Tipo Atual: business
[2026-02-03 06:31:39] IP: ::1 | OS: windows | Browser: chrome | Tipos: business,pessoal | Tipo Atual: business
[2026-02-03 06:31:41] IP: ::1 | OS: windows | Browser: chrome | Tipos: business,pessoal | Tipo Atual: pessoal
[2026-02-03 06:32:58] IP: ::1 | OS: windows | Browser: chrome | Tipos: business,pessoal | Tipo Atual: pessoal
[2026-02-03 06:38:28] IP: ::1 | OS: windows | Browser: chrome | Tipos: business,pessoal | Tipo Atual: pessoal
[2026-02-03 06:38:29] IP: ::1 | OS: windows | Browser: chrome | Tipos: business,pessoal | Tipo Atual: pessoal
[2026-02-03 06:38:33] IP: ::1 | OS: windows | Browser: chrome | Tipos: business,pessoal | Tipo Atual: business
[2026-02-03 06:38:44] IP: ::1 | OS: windows | Browser: chrome | Tipos: business,pessoal | Tipo Atual: pessoal
[2026-02-03 06:39:12] IP: ::1 | OS: windows | Browser: chrome | Tipos: business,pessoal | Tipo Atual: business
[2026-02-03 06:42:09] IP: ::1 | OS: windows | Browser: chrome | Tipos: business,pessoal | Tipo Atual: pessoal
[2026-02-03 13:58:09] IP: ::1 | OS: windows | Browser: chrome | Tipos: business,pessoal | Tipo Atual: business
[2026-02-03 14:01:01] IP: ::1 | OS: windows | Browser: chrome | Tipos: business,pessoal | Tipo Atual: business
[2026-02-03 14:01:02] IP: ::1 | OS: windows | Browser: chrome | Tipos: business,pessoal | Tipo Atual: business
[2026-02-03 14:01:39] IP: ::1 | OS: windows | Browser: chrome | Tipos: business,pessoal | Tipo Atual: business
[2026-02-03 14:01:40] IP: ::1 | OS: windows | Browser: chrome | Tipos: business,pessoal | Tipo Atual: business
[2026-02-03 14:01:41] IP: ::1 | OS: windows | Browser: chrome | Tipos: business,pessoal | Tipo Atual: business
[2026-02-03 14:02:23] IP: ::1 | OS: windows | Browser: chrome | Tipos: business,pessoal | Tipo Atual: business
[2026-02-03 14:02:24] IP: ::1 | OS: windows | Browser: chrome | Tipos: business,pessoal | Tipo Atual: business
[2026-02-03 14:02:24] IP: ::1 | OS: windows | Browser: chrome | Tipos: business,pessoal | Tipo Atual: business
[2026-02-03 14:02:25] IP: ::1 | OS: windows | Browser: chrome | Tipos: business,pessoal | Tipo Atual: business
[2026-02-03 14:02:50] IP: ::1 | OS: ios | Browser: safari | Tipos: pessoal | Tipo Atual: pessoal
[2026-02-03 14:04:05] IP: ::1 | OS: windows | Browser: chrome | Tipos: business,pessoal | Tipo Atual: business
[2026-02-03 14:05:18] IP: ::1 | OS: windows | Browser: chrome | Tipos: business,pessoal | Tipo Atual: business
[2026-02-03 14:05:19] IP: ::1 | OS: windows | Browser: chrome | Tipos: business,pessoal | Tipo Atual: business
[2026-02-03 14:05:22] IP: ::1 | OS: windows | Browser: chrome | Tipos: business,pessoal | Tipo Atual: business
[2026-02-03 14:05:24] IP: ::1 | OS: windows | Browser: chrome | Tipos: business,pessoal | Tipo Atual: pessoal
[2026-02-03 14:05:43] IP: ::1 | OS: windows | Browser: chrome | Tipos: business,pessoal | Tipo Atual: business
[2026-02-03 14:05:46] IP: ::1 | OS: windows | Browser: chrome | Tipos: business,pessoal | Tipo Atual: pessoal
[2026-02-03 14:05:58] IP: ::1 | OS: windows | Browser: chrome | Tipos: business,pessoal | Tipo Atual: business
[2026-02-03 14:06:03] IP: ::1 | OS: windows | Browser: chrome | Tipos: business,pessoal | Tipo Atual: pessoal
[2026-02-03 14:10:48] IP: ::1 | OS: windows | Browser: chrome | Tipos: business,pessoal | Tipo Atual: business
[2026-02-03 14:12:43] IP: ::1 | OS: windows | Browser: chrome | Tipos: business,pessoal | Tipo Atual: business
[2026-02-03 14:12:46] IP: ::1 | OS: windows | Browser: chrome | Tipos: business,pessoal | Tipo Atual: pessoal
[2026-02-03 14:12:59] IP: ::1 | OS: windows | Browser: chrome | Tipos: business,pessoal | Tipo Atual: business
[2026-02-03 14:13:03] IP: ::1 | OS: windows | Browser: chrome | Tipos: business,pessoal | Tipo Atual: business
[2026-02-03 14:13:46] IP: ::1 | OS: windows | Browser: chrome | Tipos: business,pessoal | Tipo Atual: pessoal
[2026-02-03 14:13:47] IP: ::1 | OS: windows | Browser: chrome | Tipos: business,pessoal | Tipo Atual: pessoal
[2026-02-03 14:15:55] IP: ::1 | OS: windows | Browser: chrome | Tipos: business,pessoal | Tipo Atual: business
[2026-02-03 14:17:39] IP: ::1 | OS: windows | Browser: chrome | Tipos: business,pessoal | Tipo Atual: business
[2026-02-03 14:17:49] IP: ::1 | OS: windows | Browser: chrome | Tipos: business,pessoal | Tipo Atual: pessoal
[2026-02-03 14:19:24] IP: ::1 | OS: windows | Browser: chrome | Tipos: business,pessoal | Tipo Atual: pessoal
[2026-02-03 14:19:25] IP: ::1 | OS: windows | Browser: chrome | Tipos: business,pessoal | Tipo Atual: pessoal
[2026-02-03 14:19:26] IP: ::1 | OS: windows | Browser: chrome | Tipos: business,pessoal | Tipo Atual: pessoal
[2026-02-03 14:19:27] IP: ::1 | OS: windows | Browser: chrome | Tipos: business,pessoal | Tipo Atual: pessoal
[2026-02-03 14:19:55] IP: ::1 | OS: windows | Browser: chrome | Tipos: business,pessoal | Tipo Atual: business
[2026-02-03 14:20:33] IP: ::1 | OS: windows | Browser: chrome | Tipos: business,pessoal | Tipo Atual: pessoal
[2026-02-03 14:20:40] IP: ::1 | OS: windows | Browser: chrome | Tipos: business,pessoal | Tipo Atual: pessoal
[2026-02-03 14:21:22] IP: ::1 | OS: windows | Browser: chrome | Tipos: business,pessoal | Tipo Atual: business
[2026-02-03 14:21:25] IP: ::1 | OS: windows | Browser: chrome | Tipos: business,pessoal | Tipo Atual: business
[2026-02-03 14:21:31] IP: ::1 | OS: windows | Browser: chrome | Tipos: business,pessoal | Tipo Atual: pessoal
[2026-02-03 14:21:59] IP: ::1 | OS: windows | Browser: chrome | Tipos: business,pessoal | Tipo Atual: business
[2026-02-03 14:41:25] IP: ::1 | OS: windows | Browser: chrome | Tipos: business,pessoal | Tipo Atual: pessoal
[2026-02-03 14:46:12] IP: ::1 | OS: windows | Browser: chrome | Tipos: business,pessoal | Tipo Atual: business
[2026-02-03 14:58:29] IP: ::1 | OS: windows | Browser: chrome | Tipos: business,pessoal | Tipo Atual: pessoal
[2026-02-03 14:58:33] IP: ::1 | OS: windows | Browser: chrome | Tipos: business,pessoal | Tipo Atual: pessoal
[2026-02-03 14:59:25] IP: ::1 | OS: ios | Browser: safari | Tipos: pessoal | Tipo Atual: pessoal
[2026-02-03 14:59:49] IP: ::1 | OS: ios | Browser: safari | Tipos: pessoal | Tipo Atual: pessoal
[2026-02-03 15:05:14] IP: ::1 | OS: ios | Browser: safari | Tipos: pessoal | Tipo Atual: pessoal
[2026-02-03 15:05:36] IP: ::1 | OS: ios | Browser: safari | Tipos: pessoal | Tipo Atual: pessoal
[2026-02-03 15:17:45] IP: ::1 | OS: ios | Browser: safari | Tipos: pessoal | Tipo Atual: pessoal
[2026-02-03 15:17:48] IP: ::1 | OS: ios | Browser: safari | Tipos: pessoal | Tipo Atual: pessoal
[2026-02-03 15:18:03] IP: ::1 | OS: ios | Browser: safari | Tipos: pessoal | Tipo Atual: pessoal
[2026-02-03 15:23:11] IP: ::1 | OS: ios | Browser: safari | Tipos: pessoal | Tipo Atual: pessoal
[2026-02-03 15:23:28] IP: ::1 | OS: ios | Browser: safari | Tipos: pessoal | Tipo Atual: pessoal
[2026-02-03 15:23:53] IP: ::1 | OS: windows | Browser: chrome | Tipos: business,pessoal | Tipo Atual: business
[2026-02-03 15:25:45] IP: ::1 | OS: windows | Browser: chrome | Tipos: business,pessoal | Tipo Atual: business
[2026-02-03 15:25:47] IP: ::1 | OS: windows | Browser: chrome | Tipos: business,pessoal | Tipo Atual: business
[2026-02-03 15:25:58] IP: ::1 | OS: windows | Browser: chrome | Tipos: business,pessoal | Tipo Atual: business
[2026-02-03 15:25:59] IP: ::1 | OS: windows | Browser: chrome | Tipos: business,pessoal | Tipo Atual: business
[2026-02-03 15:26:12] IP: ::1 | OS: windows | Browser: chrome | Tipos: business,pessoal | Tipo Atual: business
[2026-02-03 15:26:13] IP: ::1 | OS: windows | Browser: chrome | Tipos: business,pessoal | Tipo Atual: business
[2026-02-03 15:26:36] IP: ::1 | OS: windows | Browser: chrome | Tipos: business,pessoal | Tipo Atual: business
[2026-02-03 15:26:48] IP: ::1 | OS: windows | Browser: chrome | Tipos: business,pessoal | Tipo Atual: business
[2026-02-03 15:26:49] IP: ::1 | OS: windows | Browser: chrome | Tipos: business,pessoal | Tipo Atual: business
[2026-02-03 15:26:51] IP: ::1 | OS: windows | Browser: chrome | Tipos: business,pessoal | Tipo Atual: business
[2026-02-03 15:26:51] IP: ::1 | OS: windows | Browser: chrome | Tipos: business,pessoal | Tipo Atual: business
[2026-02-03 15:27:00] IP: ::1 | OS: windows | Browser: chrome | Tipos: business,pessoal | Tipo Atual: business
[2026-02-03 15:27:01] IP: ::1 | OS: windows | Browser: chrome | Tipos: business,pessoal | Tipo Atual: business
[2026-02-03 15:27:04] IP: ::1 | OS: windows | Browser: chrome | Tipos: business,pessoal | Tipo Atual: business
[2026-02-03 15:27:15] IP: ::1 | OS: windows | Browser: chrome | Tipos: business,pessoal | Tipo Atual: business
[2026-02-03 15:27:16] IP: ::1 | OS: windows | Browser: chrome | Tipos: business,pessoal | Tipo Atual: business
[2026-02-03 15:27:27] IP: ::1 | OS: windows | Browser: chrome | Tipos: business,pessoal | Tipo Atual: business
[2026-02-03 15:27:28] IP: ::1 | OS: windows | Browser: chrome | Tipos: business,pessoal | Tipo Atual: business
[2026-02-03 15:27:29] IP: ::1 | OS: windows | Browser: chrome | Tipos: business,pessoal | Tipo Atual: business
[2026-02-03 15:27:40] IP: ::1 | OS: windows | Browser: chrome | Tipos: business,pessoal | Tipo Atual: business
[2026-02-03 15:27:41] IP: ::1 | OS: windows | Browser: chrome | Tipos: business,pessoal | Tipo Atual: business
[2026-02-03 15:27:43] IP: ::1 | OS: windows | Browser: chrome | Tipos: business,pessoal | Tipo Atual: business
[2026-02-03 15:29:27] IP: ::1 | OS: windows | Browser: chrome | Tipos: business,pessoal | Tipo Atual: business
[2026-02-03 15:29:30] IP: ::1 | OS: windows | Browser: chrome | Tipos: business,pessoal | Tipo Atual: business
[2026-02-03 15:38:07] IP: ::1 | OS: windows | Browser: chrome | Tipos: business,pessoal | Tipo Atual: business
[2026-02-03 15:40:07] IP: ::1 | OS: windows | Browser: chrome | Tipos: business,pessoal | Tipo Atual: business
[2026-02-03 15:40:09] IP: ::1 | OS: windows | Browser: chrome | Tipos: business,pessoal | Tipo Atual: business
[2026-02-03 15:40:28] IP: ::1 | OS: windows | Browser: chrome | Tipos: business,pessoal | Tipo Atual: business
[2026-02-03 15:40:32] IP: ::1 | OS: windows | Browser: chrome | Tipos: business,pessoal | Tipo Atual: business
[2026-02-03 15:41:33] IP: ::1 | OS: windows | Browser: chrome | Tipos: business,pessoal | Tipo Atual: business
[2026-02-03 15:41:39] IP: ::1 | OS: windows | Browser: chrome | Tipos: business,pessoal | Tipo Atual: business
[2026-02-03 15:42:31] IP: ::1 | OS: windows | Browser: chrome | Tipos: business,pessoal | Tipo Atual: business
[2026-02-03 15:42:35] IP: ::1 | OS: windows | Browser: chrome | Tipos: business,pessoal | Tipo Atual: business
[2026-02-03 15:42:50] IP: ::1 | OS: windows | Browser: chrome | Tipos: business,pessoal | Tipo Atual: business
[2026-02-03 15:42:54] IP: ::1 | OS: windows | Browser: chrome | Tipos: business,pessoal | Tipo Atual: business
[2026-02-03 15:45:04] IP: ::1 | OS: windows | Browser: chrome | Tipos: business,pessoal | Tipo Atual: business
[2026-02-03 15:45:06] IP: ::1 | OS: windows | Browser: chrome | Tipos: business,pessoal | Tipo Atual: business
[2026-02-03 21:20:29] IP: ::1 | OS: windows | Browser: chrome | Tipos: business,pessoal | Tipo Atual: business
[2026-02-03 21:20:36] IP: ::1 | OS: windows | Browser: chrome | Tipos: business,pessoal | Tipo Atual: business
[2026-02-03 21:20:36] IP: ::1 | OS: windows | Browser: chrome | Tipos: business,pessoal | Tipo Atual: business
[2026-02-03 21:20:37] IP: ::1 | OS: windows | Browser: chrome | Tipos: business,pessoal | Tipo Atual: business
[2026-02-03 21:20:38] IP: ::1 | OS: windows | Browser: chrome | Tipos: business,pessoal | Tipo Atual: business
[2026-02-03 21:20:38] IP: ::1 | OS: windows | Browser: chrome | Tipos: business,pessoal | Tipo Atual: business
[2026-02-03 21:20:53] IP: ::1 | OS: windows | Browser: chrome | Tipos: business,pessoal | Tipo Atual: pessoal
[2026-02-03 21:20:58] IP: ::1 | OS: windows | Browser: chrome | Tipos: business,pessoal | Tipo Atual: business
[2026-02-03 21:20:59] IP: ::1 | OS: windows | Browser: chrome | Tipos: business,pessoal | Tipo Atual: business
[2026-02-03 21:22:02] IP: ::1 | OS: windows | Browser: chrome | Tipos: business,pessoal | Tipo Atual: business
[2026-02-03 21:29:19] IP: ::1 | OS: windows | Browser: chrome | Tipos: business,pessoal | Tipo Atual: business
[2026-02-03 21:32:16] IP: ::1 | OS: windows | Browser: chrome | Tipos: business,pessoal | Tipo Atual: business
[2026-02-03 21:32:18] IP: ::1 | OS: windows | Browser: chrome | Tipos: business,pessoal | Tipo Atual: business
[2026-02-03 21:32:18] IP: ::1 | OS: windows | Browser: chrome | Tipos: business,pessoal | Tipo Atual: business
[2026-02-03 21:32:19] IP: ::1 | OS: windows | Browser: chrome | Tipos: business,pessoal | Tipo Atual: business
[2026-02-03 21:32:19] IP: ::1 | OS: windows | Browser: chrome | Tipos: business,pessoal | Tipo Atual: business
[2026-02-03 21:33:10] IP: ::1 | OS: windows | Browser: chrome | Tipos: business,pessoal | Tipo Atual: business
[2026-02-03 21:33:11] IP: ::1 | OS: windows | Browser: chrome | Tipos: business,pessoal | Tipo Atual: business
[2026-02-03 21:33:11] IP: ::1 | OS: windows | Browser: chrome | Tipos: business,pessoal | Tipo Atual: business
[2026-02-03 21:33:12] IP: ::1 | OS: windows | Browser: chrome | Tipos: business,pessoal | Tipo Atual: business
[2026-02-03 21:33:13] IP: ::1 | OS: windows | Browser: chrome | Tipos: business,pessoal | Tipo Atual: business
[2026-02-03 21:33:13] IP: ::1 | OS: windows | Browser: chrome | Tipos: business,pessoal | Tipo Atual: business
[2026-02-03 21:33:28] IP: ::1 | OS: windows | Browser: chrome | Tipos: business,pessoal | Tipo Atual: business
[2026-02-03 21:33:47] IP: ::1 | OS: windows | Browser: chrome | Tipos: business,pessoal | Tipo Atual: business
[2026-02-03 21:33:48] IP: ::1 | OS: windows | Browser: chrome | Tipos: business,pessoal | Tipo Atual: business
[2026-02-03 21:33:48] IP: ::1 | OS: windows | Browser: chrome | Tipos: business,pessoal | Tipo Atual: business
[2026-02-03 21:36:05] IP: ::1 | OS: windows | Browser: chrome | Tipos: business,pessoal | Tipo Atual: business
[2026-02-03 21:43:12] IP: ::1 | OS: windows | Browser: chrome | Tipos: business,pessoal | Tipo Atual: pessoal
[2026-02-03 21:43:13] IP: ::1 | OS: windows | Browser: chrome | Tipos: business,pessoal | Tipo Atual: pessoal
[2026-02-03 21:43:17] IP: ::1 | OS: windows | Browser: chrome | Tipos: business,pessoal | Tipo Atual: business
[2026-02-03 21:43:30] IP: ::1 | OS: windows | Browser: chrome | Tipos: business,pessoal | Tipo Atual: business
[2026-02-03 21:47:07] IP: ::1 | OS: windows | Browser: chrome | Tipos: business,pessoal | Tipo Atual: pessoal
[2026-02-03 21:47:51] IP: ::1 | OS: windows | Browser: chrome | Tipos: business,pessoal | Tipo Atual: pessoal
[2026-02-03 21:48:05] IP: ::1 | OS: windows | Browser: chrome | Tipos: business,pessoal | Tipo Atual: pessoal
[2026-02-03 21:50:32] IP: ::1 | OS: windows | Browser: chrome | Tipos: business,pessoal | Tipo Atual: pessoal
[2026-02-03 21:50:34] IP: ::1 | OS: windows | Browser: chrome | Tipos: business,pessoal | Tipo Atual: pessoal
[2026-02-03 21:50:35] IP: ::1 | OS: windows | Browser: chrome | Tipos: business,pessoal | Tipo Atual: pessoal
[2026-02-03 21:50:49] IP: ::1 | OS: windows | Browser: chrome | Tipos: business,pessoal | Tipo Atual: pessoal
[2026-02-03 21:52:37] IP: ::1 | OS: windows | Browser: chrome | Tipos: business,pessoal | Tipo Atual: pessoal
[2026-02-03 21:52:38] IP: ::1 | OS: windows | Browser: chrome | Tipos: business,pessoal | Tipo Atual: pessoal
[2026-02-03 21:52:54] IP: ::1 | OS: windows | Browser: chrome | Tipos: business,pessoal | Tipo Atual: pessoal
[2026-02-03 21:56:03] IP: ::1 | OS: windows | Browser: chrome | Tipos: business,pessoal | Tipo Atual: pessoal
[2026-02-03 21:56:04] IP: ::1 | OS: windows | Browser: chrome | Tipos: business,pessoal | Tipo Atual: pessoal
[2026-02-03 21:56:32] IP: ::1 | OS: windows | Browser: chrome | Tipos: business,pessoal | Tipo Atual: pessoal
[2026-02-03 21:56:33] IP: ::1 | OS: windows | Browser: chrome | Tipos: business,pessoal | Tipo Atual: pessoal
[2026-02-03 21:56:52] IP: ::1 | OS: windows | Browser: chrome | Tipos: business,pessoal | Tipo Atual: pessoal
[2026-02-03 21:57:12] IP: ::1 | OS: ios | Browser: safari | Tipos: pessoal | Tipo Atual: pessoal
[2026-02-03 22:07:39] IP: ::1 | OS: windows | Browser: chrome | Tipos: business,pessoal | Tipo Atual: business
[2026-02-03 22:07:44] IP: ::1 | OS: windows | Browser: chrome | Tipos: business,pessoal | Tipo Atual: business
[2026-02-03 22:07:47] IP: ::1 | OS: windows | Browser: chrome | Tipos: business,pessoal | Tipo Atual: business
[2026-02-03 22:08:18] IP: ::1 | OS: windows | Browser: chrome | Tipos: business,pessoal | Tipo Atual: business
[2026-02-03 22:10:31] IP: ::1 | OS: windows | Browser: chrome | Tipos: business,pessoal | Tipo Atual: business
[2026-02-03 22:13:34] IP: ::1 | OS: windows | Browser: chrome | Tipos: business,pessoal | Tipo Atual: business
[2026-02-03 22:16:46] IP: ::1 | OS: windows | Browser: chrome | Tipos: business,pessoal | Tipo Atual: business
[2026-02-03 22:21:56] IP: ::1 | OS: windows | Browser: chrome | Tipos: business,pessoal | Tipo Atual: business
[2026-02-03 22:21:57] IP: ::1 | OS: windows | Browser: chrome | Tipos: business,pessoal | Tipo Atual: business
[2026-02-03 22:21:59] IP: ::1 | OS: windows | Browser: chrome | Tipos: business,pessoal | Tipo Atual: business
[2026-02-03 22:22:21] IP: ::1 | OS: windows | Browser: chrome | Tipos: business,pessoal | Tipo Atual: business
[2026-02-03 22:23:56] IP: ::1 | OS: windows | Browser: chrome | Tipos: business,pessoal | Tipo Atual: business
[2026-02-03 22:25:19] IP: ::1 | OS: windows | Browser: chrome | Tipos: business,pessoal | Tipo Atual: business
[2026-02-03 22:37:48] IP: ::1 | OS: windows | Browser: chrome | Tipos: business,pessoal | Tipo Atual: business
[2026-02-03 22:37:49] IP: ::1 | OS: windows | Browser: chrome | Tipos: business,pessoal | Tipo Atual: business
[2026-02-03 22:43:04] IP: ::1 | OS: windows | Browser: chrome | Tipos: business,pessoal | Tipo Atual: business
[2026-02-03 22:43:19] IP: ::1 | OS: windows | Browser: chrome | Tipos: business,pessoal | Tipo Atual: business
[2026-02-03 22:54:15] IP: ::1 | OS: windows | Browser: chrome | Tipos: business,pessoal | Tipo Atual: business
[2026-02-03 22:54:16] IP: ::1 | OS: windows | Browser: chrome | Tipos: business,pessoal | Tipo Atual: business
[2026-02-03 22:54:33] IP: ::1 | OS: windows | Browser: chrome | Tipos: business,pessoal | Tipo Atual: business
[2026-02-03 22:54:36] IP: ::1 | OS: windows | Browser: chrome | Tipos: business,pessoal | Tipo Atual: business
[2026-02-03 23:01:44] IP: ::1 | OS: windows | Browser: chrome | Tipos: business,pessoal | Tipo Atual: business
[2026-02-03 23:01:47] IP: ::1 | OS: windows | Browser: chrome | Tipos: business,pessoal | Tipo Atual: business
[2026-02-03 23:02:24] IP: ::1 | OS: windows | Browser: chrome | Tipos: business,pessoal | Tipo Atual: business
[2026-02-03 23:04:11] IP: ::1 | OS: windows | Browser: chrome | Tipos: business,pessoal | Tipo Atual: business
[2026-02-03 23:04:17] IP: ::1 | OS: windows | Browser: chrome | Tipos: business,pessoal | Tipo Atual: business
[2026-02-03 23:04:17] IP: ::1 | OS: windows | Browser: chrome | Tipos: business,pessoal | Tipo Atual: business
[2026-02-03 23:05:21] IP: ::1 | OS: windows | Browser: chrome | Tipos: business,pessoal | Tipo Atual: business
[2026-02-03 23:05:32] IP: ::1 | OS: windows | Browser: chrome | Tipos: business,pessoal | Tipo Atual: business
[2026-02-03 23:06:06] IP: ::1 | OS: ios | Browser: safari | Tipos: pessoal | Tipo Atual: pessoal
[2026-02-03 23:06:18] IP: ::1 | OS: windows | Browser: chrome | Tipos: business,pessoal | Tipo Atual: business
[2026-02-03 23:06:51] IP: ::1 | OS: windows | Browser: chrome | Tipos: business,pessoal | Tipo Atual: business
[2026-02-03 23:07:28] IP: ::1 | OS: windows | Browser: chrome | Tipos: business,pessoal | Tipo Atual: business
[2026-02-03 23:12:58] IP: ::1 | OS: windows | Browser: chrome | Tipos: business,pessoal | Tipo Atual: business
[2026-02-03 23:12:59] IP: ::1 | OS: windows | Browser: chrome | Tipos: business,pessoal | Tipo Atual: business
[2026-02-03 23:13:08] IP: ::1 | OS: windows | Browser: chrome | Tipos: business,pessoal | Tipo Atual: business
[2026-02-03 23:13:09] IP: ::1 | OS: windows | Browser: chrome | Tipos: business,pessoal | Tipo Atual: business
[2026-02-03 23:14:50] IP: ::1 | OS: windows | Browser: chrome | Tipos: business,pessoal | Tipo Atual: business
[2026-02-03 23:41:35] IP: ::1 | OS: windows | Browser: chrome | Tipos: business,pessoal | Tipo Atual: business
[2026-02-03 23:54:46] IP: ::1 | OS: windows | Browser: chrome | Tipos: business,pessoal | Tipo Atual: business
[2026-02-04 15:16:17] IP: ::1 | OS: windows | Browser: chrome | Tipos: business,pessoal | Tipo Atual: business
[2026-02-04 15:37:10] IP: ::1 | OS: windows | Browser: chrome | Tipos: business,pessoal | Tipo Atual: business
[2026-02-04 15:37:11] IP: ::1 | OS: windows | Browser: chrome | Tipos: business,pessoal | Tipo Atual: business
[2026-02-04 15:37:11] IP: ::1 | OS: windows | Browser: chrome | Tipos: business,pessoal | Tipo Atual: business
[2026-02-04 15:46:28] IP: ::1 | OS: windows | Browser: chrome | Tipos: business,pessoal | Tipo Atual: business
[2026-02-04 15:49:42] IP: ::1 | OS: windows | Browser: chrome | Tipos: business,pessoal | Tipo Atual: business
[2026-02-04 15:49:43] IP: ::1 | OS: windows | Browser: chrome | Tipos: business,pessoal | Tipo Atual: business
[2026-02-04 15:49:49] IP: ::1 | OS: windows | Browser: chrome | Tipos: business,pessoal | Tipo Atual: business
[2026-02-04 15:49:53] IP: ::1 | OS: windows | Browser: chrome | Tipos: business,pessoal | Tipo Atual: business
[2026-02-04 15:49:53] IP: ::1 | OS: windows | Browser: chrome | Tipos: business,pessoal | Tipo Atual: business
[2026-02-04 15:49:53] IP: ::1 | OS: windows | Browser: chrome | Tipos: business,pessoal | Tipo Atual: business
[2026-02-04 15:49:54] IP: ::1 | OS: windows | Browser: chrome | Tipos: business,pessoal | Tipo Atual: business
[2026-02-04 16:58:55] IP: ::1 | OS: windows | Browser: chrome | Tipos: business,pessoal | Tipo Atual: business
[2026-02-04 16:59:37] IP: ::1 | OS: windows | Browser: chrome | Tipos: business,pessoal | Tipo Atual: business
[2026-02-04 17:00:25] IP: ::1 | OS: windows | Browser: chrome | Tipos: business,pessoal | Tipo Atual: business
[2026-02-04 17:00:26] IP: ::1 | OS: windows | Browser: chrome | Tipos: business,pessoal | Tipo Atual: business
[2026-02-04 17:00:46] IP: ::1 | OS: windows | Browser: chrome | Tipos: business,pessoal | Tipo Atual: business
[2026-02-04 17:00:47] IP: ::1 | OS: windows | Browser: chrome | Tipos: business,pessoal | Tipo Atual: business
[2026-02-04 17:16:01] IP: ::1 | OS: windows | Browser: chrome | Tipos: business,pessoal | Tipo Atual: business
[2026-02-04 17:16:02] IP: ::1 | OS: windows | Browser: chrome | Tipos: business,pessoal | Tipo Atual: business
[2026-02-04 17:16:02] IP: ::1 | OS: windows | Browser: chrome | Tipos: business,pessoal | Tipo Atual: business
[2026-02-04 17:16:02] IP: ::1 | OS: windows | Browser: chrome | Tipos: business,pessoal | Tipo Atual: business
[2026-02-04 17:16:02] IP: ::1 | OS: windows | Browser: chrome | Tipos: business,pessoal | Tipo Atual: business
[2026-02-04 17:18:04] IP: ::1 | OS: windows | Browser: chrome | Tipos: business,pessoal | Tipo Atual: business
[2026-02-04 17:18:14] IP: ::1 | OS: windows | Browser: chrome | Tipos: business,pessoal | Tipo Atual: business
[2026-02-04 17:18:15] IP: ::1 | OS: windows | Browser: chrome | Tipos: business,pessoal | Tipo Atual: business
[2026-02-04 17:18:26] IP: ::1 | OS: windows | Browser: chrome | Tipos: business,pessoal | Tipo Atual: business
[2026-02-04 17:18:27] IP: ::1 | OS: windows | Browser: chrome | Tipos: business,pessoal | Tipo Atual: business
[2026-02-04 17:26:12] IP: ::1 | OS: windows | Browser: chrome | Tipos: business,pessoal | Tipo Atual: business
[2026-02-04 17:26:14] IP: ::1 | OS: windows | Browser: chrome | Tipos: business,pessoal | Tipo Atual: business
[2026-02-04 17:26:15] IP: ::1 | OS: windows | Browser: chrome | Tipos: business,pessoal | Tipo Atual: business
[2026-02-04 17:28:57] IP: ::1 | OS: windows | Browser: chrome | Tipos: business,pessoal | Tipo Atual: business
[2026-02-04 17:32:06] IP: ::1 | OS: windows | Browser: chrome | Tipos: business,pessoal | Tipo Atual: business
[2026-02-04 17:32:07] IP: ::1 | OS: windows | Browser: chrome | Tipos: business,pessoal | Tipo Atual: business
[2026-02-04 18:14:58] IP: ::1 | OS: windows | Browser: chrome | Tipos: business,pessoal | Tipo Atual: business
[2026-02-04 18:15:46] IP: ::1 | OS: windows | Browser: chrome | Tipos: business,pessoal | Tipo Atual: business
[2026-02-05 05:23:18] IP: ::1 | OS: windows | Browser: chrome | Tipos: business,pessoal | Tipo Atual: business
[2026-02-05 10:58:02] IP: ::1 | OS: windows | Browser: chrome | Tipos: business,pessoal | Tipo Atual: business
[2026-02-06 10:54:26] IP: ::1 | OS: windows | Browser: chrome | Tipos: business,pessoal | Tipo Atual: business
[2026-02-06 11:15:51] IP: ::1 | OS: windows | Browser: chrome | Tipos: business,pessoal | Tipo Atual: business
[2026-02-07 08:56:17] IP: ::1 | OS: windows | Browser: chrome | Tipos: business,pessoal | Tipo Atual: business
[2026-02-09 22:27:12] IP: ::1 | OS: windows | Browser: chrome | Tipos: business,pessoal | Tipo Atual: business
[2026-02-11 06:56:43] IP: ::1 | OS: windows | Browser: chrome | Tipos: business,pessoal | Tipo Atual: business
[2026-02-11 06:56:58] IP: ::1 | OS: windows | Browser: chrome | Tipos: business,pessoal | Tipo Atual: business
[2026-02-11 07:20:50] IP: ::1 | OS: windows | Browser: chrome | Tipos: business,pessoal | Tipo Atual: business
[2026-02-11 07:21:18] IP: ::1 | OS: windows | Browser: chrome | Tipos: business,pessoal | Tipo Atual: business
[2026-02-11 07:21:22] IP: ::1 | OS: windows | Browser: chrome | Tipos: business,pessoal | Tipo Atual: business
[2026-02-11 07:22:43] IP: ::1 | OS: windows | Browser: chrome | Tipos: business,pessoal | Tipo Atual: business
[2026-02-11 07:22:48] IP: ::1 | OS: windows | Browser: chrome | Tipos: business,pessoal | Tipo Atual: business
[2026-02-11 07:22:58] IP: ::1 | OS: windows | Browser: chrome | Tipos: business,pessoal | Tipo Atual: business
[2026-02-11 07:26:04] IP: ::1 | OS: windows | Browser: chrome | Tipos: business,pessoal | Tipo Atual: business
[2026-02-11 07:26:05] IP: ::1 | OS: windows | Browser: chrome | Tipos: business,pessoal | Tipo Atual: business
[2026-02-11 07:26:32] IP: ::1 | OS: windows | Browser: chrome | Tipos: business,pessoal | Tipo Atual: business
[2026-02-11 07:26:44] IP: ::1 | OS: windows | Browser: chrome | Tipos: business,pessoal | Tipo Atual: business
[2026-02-11 07:28:11] IP: ::1 | OS: windows | Browser: chrome | Tipos: business,pessoal | Tipo Atual: business
[2026-02-11 07:34:44] IP: ::1 | OS: windows | Browser: chrome | Tipos: business,pessoal | Tipo Atual: business
[2026-02-11 07:34:45] IP: ::1 | OS: windows | Browser: chrome | Tipos: business,pessoal | Tipo Atual: business
[2026-02-11 07:34:46] IP: ::1 | OS: windows | Browser: chrome | Tipos: business,pessoal | Tipo Atual: business
[2026-02-11 07:34:48] IP: ::1 | OS: windows | Browser: chrome | Tipos: business,pessoal | Tipo Atual: business
[2026-02-11 07:34:54] IP: ::1 | OS: windows | Browser: chrome | Tipos: business,pessoal | Tipo Atual: business
[2026-02-11 07:35:15] IP: ::1 | OS: windows | Browser: chrome | Tipos: business,pessoal | Tipo Atual: business
[2026-02-11 07:35:18] IP: ::1 | OS: windows | Browser: chrome | Tipos: business,pessoal | Tipo Atual: business
[2026-02-11 07:35:47] IP: ::1 | OS: windows | Browser: chrome | Tipos: business,pessoal | Tipo Atual: pessoal
[2026-02-11 07:39:05] IP: ::1 | OS: windows | Browser: chrome | Tipos: business,pessoal | Tipo Atual: business
[2026-02-11 07:39:09] IP: ::1 | OS: windows | Browser: chrome | Tipos: business,pessoal | Tipo Atual: business
[2026-02-11 07:51:16] IP: ::1 | OS: windows | Browser: chrome | Tipos: business,pessoal | Tipo Atual: business
[2026-02-11 07:51:23] IP: ::1 | OS: windows | Browser: chrome | Tipos: business,pessoal | Tipo Atual: business
[2026-02-11 07:56:35] IP: ::1 | OS: windows | Browser: chrome | Tipos: business,pessoal | Tipo Atual: pessoal
[2026-02-11 07:56:42] IP: ::1 | OS: windows | Browser: chrome | Tipos: business,pessoal | Tipo Atual: pessoal
[2026-02-11 07:57:57] IP: ::1 | OS: windows | Browser: chrome | Tipos: business,pessoal | Tipo Atual: business
[2026-02-11 07:58:00] IP: ::1 | OS: windows | Browser: chrome | Tipos: business,pessoal | Tipo Atual: business
[2026-02-11 07:58:05] IP: ::1 | OS: windows | Browser: chrome | Tipos: business,pessoal | Tipo Atual: business
[2026-02-11 07:58:06] IP: ::1 | OS: windows | Browser: chrome | Tipos: business,pessoal | Tipo Atual: business
[2026-02-11 08:09:59] IP: ::1 | OS: windows | Browser: chrome | Tipos: business,pessoal | Tipo Atual: business
[2026-02-11 08:10:03] IP: ::1 | OS: windows | Browser: chrome | Tipos: business,pessoal | Tipo Atual: pessoal
[2026-02-11 08:10:09] IP: ::1 | OS: windows | Browser: chrome | Tipos: business,pessoal | Tipo Atual: pessoal
[2026-02-11 08:10:14] IP: ::1 | OS: windows | Browser: chrome | Tipos: business,pessoal | Tipo Atual: pessoal
[2026-02-11 08:10:25] IP: ::1 | OS: windows | Browser: chrome | Tipos: business,pessoal | Tipo Atual: pessoal
[2026-02-11 08:11:09] IP: ::1 | OS: ios | Browser: safari | Tipos: pessoal | Tipo Atual: pessoal
[2026-02-11 08:11:24] IP: ::1 | OS: windows | Browser: chrome | Tipos: business,pessoal | Tipo Atual: business
[2026-02-11 08:11:28] IP: ::1 | OS: windows | Browser: chrome | Tipos: business,pessoal | Tipo Atual: pessoal
[2026-02-11 08:11:31] IP: ::1 | OS: windows | Browser: chrome | Tipos: business,pessoal | Tipo Atual: pessoal
[2026-02-11 08:14:59] IP: ::1 | OS: windows | Browser: chrome | Tipos: business,pessoal | Tipo Atual: business
[2026-02-11 08:14:59] IP: ::1 | OS: windows | Browser: chrome | Tipos: business,pessoal | Tipo Atual: pessoal
[2026-02-11 08:15:05] IP: ::1 | OS: windows | Browser: chrome | Tipos: business,pessoal | Tipo Atual: pessoal
[2026-02-11 08:15:16] IP: ::1 | OS: windows | Browser: chrome | Tipos: business,pessoal | Tipo Atual: business
[2026-02-11 08:15:19] IP: ::1 | OS: windows | Browser: chrome | Tipos: business,pessoal | Tipo Atual: business
[2026-02-11 08:15:19] IP: ::1 | OS: windows | Browser: chrome | Tipos: business,pessoal | Tipo Atual: pessoal
[2026-02-20 18:19:14] IP: ::1 | OS: windows | Browser: chrome | Tipos: business,pessoal | Tipo Atual: business
[2026-02-20 18:19:14] IP: ::1 | OS: windows | Browser: chrome | Tipos: business,pessoal | Tipo Atual: pessoal
[2026-02-20 18:29:55] IP: ::1 | OS: windows | Browser: chrome | Tipos: business,pessoal | Tipo Atual: business
[2026-02-20 18:29:55] IP: ::1 | OS: windows | Browser: chrome | Tipos: business,pessoal | Tipo Atual: pessoal
[2026-02-22 17:16:42] IP: ::1 | OS: windows | Browser: chrome | Tipos: business,pessoal | Tipo Atual: business
[2026-02-22 17:16:48] IP: ::1 | OS: windows | Browser: chrome | Tipos: business,pessoal | Tipo Atual: pessoal
[2026-02-22 17:17:17] IP: ::1 | OS: windows | Browser: chrome | Tipos: business,pessoal | Tipo Atual: pessoal
[2026-02-22 17:17:21] IP: ::1 | OS: windows | Browser: chrome | Tipos: business,pessoal | Tipo Atual: pessoal
[2026-02-22 17:22:42] IP: ::1 | OS: windows | Browser: chrome | Tipos: business,pessoal | Tipo Atual: pessoal
[2026-02-24 19:15:42] IP: ::1 | OS: windows | Browser: chrome | Tipos: business,pessoal | Tipo Atual: business
[2026-02-24 19:16:11] IP: ::1 | OS: windows | Browser: chrome | Tipos: business,pessoal | Tipo Atual: business
[2026-02-24 19:49:02] IP: ::1 | OS: windows | Browser: chrome | Tipos: business,pessoal | Tipo Atual: business
[2026-02-24 19:49:57] IP: ::1 | OS: windows | Browser: chrome | Tipos: business,pessoal | Tipo Atual: pessoal
[2026-02-24 19:50:20] IP: ::1 | OS: windows | Browser: chrome | Tipos: business,pessoal | Tipo Atual: pessoal
[2026-02-24 19:50:35] IP: ::1 | OS: windows | Browser: chrome | Tipos: business,pessoal | Tipo Atual: pessoal
[2026-02-24 19:51:46] IP: ::1 | OS: windows | Browser: chrome | Tipos: business,pessoal | Tipo Atual: pessoal
[2026-02-24 19:51:49] IP: ::1 | OS: windows | Browser: chrome | Tipos: business,pessoal | Tipo Atual: pessoal
[2026-02-24 19:51:55] IP: ::1 | OS: windows | Browser: chrome | Tipos: business,pessoal | Tipo Atual: pessoal
[2026-02-24 19:52:17] IP: ::1 | OS: windows | Browser: chrome | Tipos: business,pessoal | Tipo Atual: business
[2026-02-24 19:52:19] IP: ::1 | OS: windows | Browser: chrome | Tipos: business,pessoal | Tipo Atual: pessoal
[2026-02-24 19:52:54] IP: ::1 | OS: windows | Browser: chrome | Tipos: business,pessoal | Tipo Atual: business
[2026-02-24 20:02:32] IP: ::1 | OS: windows | Browser: chrome | Tipos: business,pessoal | Tipo Atual: pessoal
